avr. 29, 2016 10:16:32 AM org.apache.catalina.core.AprLifecycleListener init
INFOS: The APR based Apache Tomcat Native library which allows optimal performance in production environments was not found on the java.library.path: /usr/java/packages/lib/amd64:/usr/lib64:/lib64:/lib:/usr/lib
avr. 29, 2016 10:16:32 AM org.apache.coyote.AbstractProtocol init
INFOS: Initializing ProtocolHandler ["http-bio-8080"]
avr. 29, 2016 10:16:32 AM org.apache.coyote.AbstractProtocol init
INFOS: Initializing ProtocolHandler ["ajp-bio-8009"]
avr. 29, 2016 10:16:33 AM org.apache.openejb.util.OptionsLog info
INFOS: Using 'openejb.jdbc.datasource-creator=org.apache.tomee.jdbc.TomEEDataSourceCreator'
avr. 29, 2016 10:16:33 AM org.apache.openejb.OpenEJB$Instance <init>
INFOS: ********************************************************************************
avr. 29, 2016 10:16:33 AM org.apache.openejb.OpenEJB$Instance <init>
INFOS: OpenEJB http://openejb.apache.org/
avr. 29, 2016 10:16:33 AM org.apache.openejb.OpenEJB$Instance <init>
INFOS: Startup: Fri Apr 29 10:16:33 CEST 2016
avr. 29, 2016 10:16:33 AM org.apache.openejb.OpenEJB$Instance <init>
INFOS: Copyright 1999-2013 (C) Apache OpenEJB Project, All Rights Reserved.
avr. 29, 2016 10:16:33 AM org.apache.openejb.OpenEJB$Instance <init>
INFOS: Version: 4.7.1
avr. 29, 2016 10:16:33 AM org.apache.openejb.OpenEJB$Instance <init>
INFOS: Build date: 20140912
avr. 29, 2016 10:16:33 AM org.apache.openejb.OpenEJB$Instance <init>
INFOS: Build time: 01:43
avr. 29, 2016 10:16:33 AM org.apache.openejb.OpenEJB$Instance <init>
INFOS: ********************************************************************************
avr. 29, 2016 10:16:33 AM org.apache.openejb.OpenEJB$Instance <init>
INFOS: openejb.home = /home/m1/vandekadsye/car-tp4stable/apache-tomee
avr. 29, 2016 10:16:33 AM org.apache.openejb.OpenEJB$Instance <init>
INFOS: openejb.base = /home/m1/vandekadsye/car-tp4stable/apache-tomee
avr. 29, 2016 10:16:33 AM org.apache.openejb.cdi.CdiBuilder initializeOWB
INFOS: Created new singletonService org.apache.openejb.cdi.ThreadSingletonServiceImpl@60438a68
avr. 29, 2016 10:16:33 AM org.apache.openejb.cdi.CdiBuilder initializeOWB
INFOS: Succeeded in installing singleton service
avr. 29, 2016 10:16:33 AM org.apache.openejb.config.ConfigurationFactory init
INFOS: openejb configuration file is '/home/m1/vandekadsye/car-tp4stable/apache-tomee/conf/tomee.xml'
avr. 29, 2016 10:16:33 AM org.apache.openejb.config.ConfigurationFactory configureService
INFOS: Configuring Service(id=Tomcat Security Service, type=SecurityService, provider-id=Tomcat Security Service)
avr. 29, 2016 10:16:33 AM org.apache.openejb.config.ConfigurationFactory configureService
INFOS: Configuring Service(id=Default Transaction Manager, type=TransactionManager, provider-id=Default Transaction Manager)
avr. 29, 2016 10:16:33 AM org.apache.openejb.util.OptionsLog info
INFOS: Using 'openejb.system.apps=true'
avr. 29, 2016 10:16:33 AM org.apache.openejb.config.ConfigurationFactory configureApplication
INFOS: Configuring enterprise application: openejb
avr. 29, 2016 10:16:33 AM org.apache.openejb.config.InitEjbDeployments deploy
INFOS: Using openejb.deploymentId.format '{ejbName}'
avr. 29, 2016 10:16:33 AM org.apache.openejb.config.InitEjbDeployments deploy
INFOS: Auto-deploying ejb openejb/Deployer: EjbDeployment(deployment-id=openejb/Deployer)
avr. 29, 2016 10:16:33 AM org.apache.openejb.config.InitEjbDeployments deploy
INFOS: Auto-deploying ejb openejb/ConfigurationInfo: EjbDeployment(deployment-id=openejb/ConfigurationInfo)
avr. 29, 2016 10:16:33 AM org.apache.openejb.config.InitEjbDeployments deploy
INFOS: Auto-deploying ejb MEJB: EjbDeployment(deployment-id=MEJB)
avr. 29, 2016 10:16:33 AM org.apache.openejb.config.ConfigurationFactory configureService
INFOS: Configuring Service(id=Default Stateless Container, type=Container, provider-id=Default Stateless Container)
avr. 29, 2016 10:16:33 AM org.apache.openejb.config.AutoConfig createContainer
INFOS: Auto-creating a container for bean openejb/Deployer: Container(type=STATELESS, id=Default Stateless Container)
avr. 29, 2016 10:16:33 AM org.apache.openejb.config.AppInfoBuilder build
INFOS: Enterprise application "openejb" loaded.
avr. 29, 2016 10:16:33 AM org.apache.openejb.assembler.classic.Assembler createRecipe
INFOS: Creating TransactionManager(id=Default Transaction Manager)
avr. 29, 2016 10:16:33 AM org.apache.openejb.assembler.classic.Assembler createRecipe
INFOS: Creating SecurityService(id=Tomcat Security Service)
avr. 29, 2016 10:16:33 AM org.apache.openejb.assembler.classic.Assembler createRecipe
INFOS: Creating Container(id=Default Stateless Container)
avr. 29, 2016 10:16:33 AM org.apache.openejb.assembler.classic.Assembler createApplication
INFOS: Assembling app: openejb
avr. 29, 2016 10:16:33 AM org.apache.openejb.util.OptionsLog info
INFOS: Using 'openejb.jndiname.format={deploymentId}{interfaceType.openejbLegacyName}'
avr. 29, 2016 10:16:33 AM org.apache.openejb.assembler.classic.JndiBuilder bind
INFOS: Jndi(name=openejb/DeployerBusinessRemote) --> Ejb(deployment-id=openejb/Deployer)
avr. 29, 2016 10:16:33 AM org.apache.openejb.assembler.classic.JndiBuilder bind
INFOS: Jndi(name=global/openejb/openejb/Deployer!org.apache.openejb.assembler.Deployer) --> Ejb(deployment-id=openejb/Deployer)
avr. 29, 2016 10:16:33 AM org.apache.openejb.assembler.classic.JndiBuilder bind
INFOS: Jndi(name=global/openejb/openejb/Deployer) --> Ejb(deployment-id=openejb/Deployer)
avr. 29, 2016 10:16:33 AM org.apache.openejb.assembler.classic.JndiBuilder bind
INFOS: Jndi(name=openejb/ConfigurationInfoBusinessRemote) --> Ejb(deployment-id=openejb/ConfigurationInfo)
avr. 29, 2016 10:16:33 AM org.apache.openejb.assembler.classic.JndiBuilder bind
INFOS: Jndi(name=global/openejb/openejb/ConfigurationInfo!org.apache.openejb.assembler.classic.cmd.ConfigurationInfo) --> Ejb(deployment-id=openejb/ConfigurationInfo)
avr. 29, 2016 10:16:33 AM org.apache.openejb.assembler.classic.JndiBuilder bind
INFOS: Jndi(name=global/openejb/openejb/ConfigurationInfo) --> Ejb(deployment-id=openejb/ConfigurationInfo)
avr. 29, 2016 10:16:33 AM org.apache.openejb.assembler.classic.JndiBuilder bind
INFOS: Jndi(name=MEJB) --> Ejb(deployment-id=MEJB)
avr. 29, 2016 10:16:33 AM org.apache.openejb.assembler.classic.JndiBuilder bind
INFOS: Jndi(name=global/openejb/MEJB!javax.management.j2ee.ManagementHome) --> Ejb(deployment-id=MEJB)
avr. 29, 2016 10:16:33 AM org.apache.openejb.assembler.classic.JndiBuilder bind
INFOS: Jndi(name=global/openejb/MEJB) --> Ejb(deployment-id=MEJB)
avr. 29, 2016 10:16:33 AM org.apache.openejb.assembler.classic.Assembler startEjbs
INFOS: Created Ejb(deployment-id=MEJB, ejb-name=MEJB, container=Default Stateless Container)
avr. 29, 2016 10:16:33 AM org.apache.openejb.assembler.classic.Assembler startEjbs
INFOS: Created Ejb(deployment-id=openejb/ConfigurationInfo, ejb-name=openejb/ConfigurationInfo, container=Default Stateless Container)
avr. 29, 2016 10:16:33 AM org.apache.openejb.assembler.classic.Assembler startEjbs
INFOS: Created Ejb(deployment-id=openejb/Deployer, ejb-name=openejb/Deployer, container=Default Stateless Container)
avr. 29, 2016 10:16:33 AM org.apache.openejb.assembler.classic.Assembler startEjbs
INFOS: Started Ejb(deployment-id=MEJB, ejb-name=MEJB, container=Default Stateless Container)
avr. 29, 2016 10:16:33 AM org.apache.openejb.assembler.classic.Assembler startEjbs
INFOS: Started Ejb(deployment-id=openejb/ConfigurationInfo, ejb-name=openejb/ConfigurationInfo, container=Default Stateless Container)
avr. 29, 2016 10:16:33 AM org.apache.openejb.assembler.classic.Assembler startEjbs
INFOS: Started Ejb(deployment-id=openejb/Deployer, ejb-name=openejb/Deployer, container=Default Stateless Container)
avr. 29, 2016 10:16:33 AM org.apache.openejb.assembler.classic.Assembler deployMBean
INFOS: Deployed MBean(openejb.user.mbeans:application=openejb,group=org.apache.openejb.assembler.monitoring,name=JMXDeployer)
avr. 29, 2016 10:16:33 AM org.apache.openejb.assembler.classic.Assembler createApplication
INFOS: Deployed Application(path=openejb)
avr. 29, 2016 10:16:33 AM org.apache.openejb.server.SimpleServiceManager start
INFOS:   ** Bound Services **
avr. 29, 2016 10:16:33 AM org.apache.openejb.server.SimpleServiceManager printRow
INFOS:   NAME                 IP              PORT  
avr. 29, 2016 10:16:33 AM org.apache.openejb.server.SimpleServiceManager start
INFOS: -------
avr. 29, 2016 10:16:33 AM org.apache.openejb.server.SimpleServiceManager start
INFOS: Ready!
avr. 29, 2016 10:16:33 AM org.apache.catalina.startup.Catalina load
INFOS: Initialization processed in 1701 ms
avr. 29, 2016 10:16:33 AM org.apache.tomee.catalina.OpenEJBNamingContextListener bindResource
INFOS: Importing a Tomcat Resource with id 'UserDatabase' of type 'org.apache.catalina.UserDatabase'.
avr. 29, 2016 10:16:33 AM org.apache.openejb.assembler.classic.Assembler createRecipe
INFOS: Creating Resource(id=UserDatabase)
avr. 29, 2016 10:16:33 AM org.apache.catalina.core.StandardService startInternal
INFOS: Démarrage du service Catalina
avr. 29, 2016 10:16:33 AM org.apache.catalina.core.StandardEngine startInternal
INFOS: Starting Servlet Engine: Apache Tomcat (TomEE)/7.0.55 (1.7.1)
avr. 29, 2016 10:16:33 AM org.apache.catalina.startup.HostConfig deployWAR
INFOS: Déploiement de l'archive /home/m1/vandekadsye/car-tp4stable/apache-tomee/webapps/ROOT.war de l'application web
avr. 29, 2016 10:16:33 AM org.apache.tomee.catalina.TomcatWebAppBuilder init
INFOS: ------------------------- localhost -> /
avr. 29, 2016 10:16:34 AM org.apache.openejb.config.ConfigurationFactory configureApplication
INFOS: Configuring enterprise application: /home/m1/vandekadsye/car-tp4stable/apache-tomee/webapps/ROOT
avr. 29, 2016 10:16:34 AM org.apache.openejb.config.InitEjbDeployments deploy
INFOS: Auto-deploying ejb GestionLivre: EjbDeployment(deployment-id=GestionLivre)
avr. 29, 2016 10:16:34 AM org.apache.openejb.config.AutoConfig deploy
INFOS: Configuring PersistenceUnit(name=book-pu)
avr. 29, 2016 10:16:34 AM org.apache.openejb.config.ConfigurationFactory configureService
INFOS: Configuring Service(id=Default JDBC Database, type=Resource, provider-id=Default JDBC Database)
avr. 29, 2016 10:16:34 AM org.apache.openejb.config.AutoConfig logAutoCreateResource
INFOS: Auto-creating a Resource with id 'Default JDBC Database' of type 'DataSource for 'book-pu'.
avr. 29, 2016 10:16:34 AM org.apache.openejb.assembler.classic.Assembler createRecipe
INFOS: Creating Resource(id=Default JDBC Database)
avr. 29, 2016 10:16:34 AM org.apache.tomee.jdbc.TomEEDataSourceCreator$TomEEDataSource readOnly
INFOS: Disabling testOnBorrow since no validation query is provided
avr. 29, 2016 10:16:34 AM org.apache.openejb.config.ConfigurationFactory configureService
INFOS: Configuring Service(id=Default Unmanaged JDBC Database, type=Resource, provider-id=Default Unmanaged JDBC Database)
avr. 29, 2016 10:16:34 AM org.apache.openejb.config.AutoConfig logAutoCreateResource
INFOS: Auto-creating a Resource with id 'Default Unmanaged JDBC Database' of type 'DataSource for 'book-pu'.
avr. 29, 2016 10:16:34 AM org.apache.openejb.assembler.classic.Assembler createRecipe
INFOS: Creating Resource(id=Default Unmanaged JDBC Database)
avr. 29, 2016 10:16:34 AM org.apache.tomee.jdbc.TomEEDataSourceCreator$TomEEDataSource readOnly
INFOS: Disabling testOnBorrow since no validation query is provided
avr. 29, 2016 10:16:34 AM org.apache.openejb.config.AutoConfig setJtaDataSource
INFOS: Adjusting PersistenceUnit book-pu <jta-data-source> to Resource ID 'Default JDBC Database' from 'bookDatabase'
avr. 29, 2016 10:16:34 AM org.apache.openejb.config.AutoConfig setNonJtaDataSource
INFOS: Adjusting PersistenceUnit book-pu <non-jta-data-source> to Resource ID 'Default Unmanaged JDBC Database' from 'null'
avr. 29, 2016 10:16:34 AM org.apache.openejb.config.AppInfoBuilder build
INFOS: Enterprise application "/home/m1/vandekadsye/car-tp4stable/apache-tomee/webapps/ROOT" loaded.
avr. 29, 2016 10:16:34 AM org.apache.openejb.assembler.classic.Assembler createApplication
INFOS: Assembling app: /home/m1/vandekadsye/car-tp4stable/apache-tomee/webapps/ROOT
avr. 29, 2016 10:16:34 AM null
INFOS: OpenJPA dynamically loaded a validation provider.
avr. 29, 2016 10:16:34 AM org.apache.openejb.assembler.classic.ReloadableEntityManagerFactory createDelegate
INFOS: PersistenceUnit(name=book-pu, provider=org.apache.openjpa.persistence.PersistenceProviderImpl) - provider time 365ms
avr. 29, 2016 10:16:34 AM org.apache.openejb.assembler.classic.JndiBuilder bind
INFOS: Jndi(name=GestionLivreLocal) --> Ejb(deployment-id=GestionLivre)
avr. 29, 2016 10:16:34 AM org.apache.openejb.assembler.classic.JndiBuilder bind
INFOS: Jndi(name=global//GestionLivre!car.tp4.itf.GestionLivreItf) --> Ejb(deployment-id=GestionLivre)
avr. 29, 2016 10:16:34 AM org.apache.openejb.assembler.classic.JndiBuilder bind
INFOS: Jndi(name=global//GestionLivre) --> Ejb(deployment-id=GestionLivre)
avr. 29, 2016 10:16:34 AM org.apache.openejb.cdi.CdiBuilder initSingleton
INFOS: Existing thread singleton service in SystemInstance(): org.apache.openejb.cdi.ThreadSingletonServiceImpl@60438a68
avr. 29, 2016 10:16:34 AM org.apache.openejb.cdi.OpenEJBLifecycle startApplication
INFOS: OpenWebBeans Container is starting...
avr. 29, 2016 10:16:34 AM org.apache.webbeans.plugins.PluginLoader startUp
INFOS: Adding OpenWebBeansPlugin : [CdiPlugin]
avr. 29, 2016 10:16:34 AM org.apache.webbeans.plugins.PluginLoader startUp
INFOS: Adding OpenWebBeansPlugin : [OpenWebBeansJsfPlugin]
avr. 29, 2016 10:16:34 AM org.apache.webbeans.config.BeansDeployer validateInjectionPoints
INFOS: All injection points were validated successfully.
avr. 29, 2016 10:16:34 AM org.apache.openejb.cdi.OpenEJBLifecycle startApplication
INFOS: OpenWebBeans Container has started, it took 54 ms.
avr. 29, 2016 10:16:34 AM org.apache.openejb.assembler.classic.Assembler startEjbs
INFOS: Created Ejb(deployment-id=GestionLivre, ejb-name=GestionLivre, container=Default Stateless Container)
avr. 29, 2016 10:16:34 AM org.apache.openejb.assembler.classic.Assembler startEjbs
INFOS: Started Ejb(deployment-id=GestionLivre, ejb-name=GestionLivre, container=Default Stateless Container)
avr. 29, 2016 10:16:34 AM org.apache.openejb.assembler.classic.Assembler createApplication
INFOS: Deployed Application(path=/home/m1/vandekadsye/car-tp4stable/apache-tomee/webapps/ROOT)
avr. 29, 2016 10:16:35 AM org.apache.catalina.startup.HostConfig deployWAR
INFOS: Deployment of web application archive /home/m1/vandekadsye/car-tp4stable/apache-tomee/webapps/ROOT.war has finished in 2 009 ms
avr. 29, 2016 10:16:35 AM org.apache.coyote.AbstractProtocol start
INFOS: Starting ProtocolHandler ["http-bio-8080"]
avr. 29, 2016 10:16:35 AM org.apache.coyote.AbstractProtocol start
INFOS: Starting ProtocolHandler ["ajp-bio-8009"]
avr. 29, 2016 10:16:35 AM org.apache.catalina.startup.Catalina start
INFOS: Server startup in 2067 ms
avr. 29, 2016 10:16:51 AM null
AVERTISSEMENT: The type "car.tp4.entity.Livre" must have a no-args constructor. Adding a public no-args constructor.
avr. 29, 2016 10:16:51 AM null
INFOS: Starting OpenJPA 2.4.0-nonfinal-1598334
avr. 29, 2016 10:16:51 AM org.hsqldb.persist.Logger logInfoEvent
INFOS: checkpointClose start
avr. 29, 2016 10:16:51 AM org.hsqldb.persist.Logger logInfoEvent
INFOS: checkpointClose end
avr. 29, 2016 10:16:51 AM null
INFOS: Using dictionary class "org.apache.openjpa.jdbc.sql.HSQLDictionary" (HSQL Database Engine 2.3.2 ,HSQL Database Engine Driver 2.3.2).
avr. 29, 2016 10:16:51 AM null
INFOS: Connected to HSQL Database Engine version 2.2 using JDBC driver HSQL Database Engine Driver version 2.3.2. 
avr. 29, 2016 10:16:51 AM null
AVERTISSEMENT: The class "car.tp4.Book" listed in the openjpa.MetaDataFactory configuration property could not be loaded by LazyStopWebappClassLoader
  context: 
  delegate: false
  repositories:
    /WEB-INF/classes/
----------> Parent Classloader:
org.apache.catalina.loader.StandardClassLoader@1a93a7ca
; ignoring.
avr. 29, 2016 10:16:51 AM null
INFOS: The class "car.tp4.Book" listed in the openjpa.MetaDataFactory configuration property could not be loaded by LazyStopWebappClassLoader
  context: 
  delegate: false
  repositories:
    /WEB-INF/classes/
----------> Parent Classloader:
org.apache.catalina.loader.StandardClassLoader@1a93a7ca
; ignoring.
avr. 29, 2016 10:16:51 AM null
AVERTISSEMENT: The class "car.tp4.Book" listed in the openjpa.MetaDataFactory configuration property could not be loaded by LazyStopWebappClassLoader
  context: 
  delegate: false
  repositories:
    /WEB-INF/classes/
----------> Parent Classloader:
org.apache.catalina.loader.StandardClassLoader@1a93a7ca
; ignoring.
avr. 29, 2016 10:16:52 AM null
AVERTISSEMENT: The class "car.tp4.Book" listed in the openjpa.MetaDataFactory configuration property could not be loaded by LazyStopWebappClassLoader
  context: 
  delegate: false
  repositories:
    /WEB-INF/classes/
----------> Parent Classloader:
org.apache.catalina.loader.StandardClassLoader@1a93a7ca
; ignoring.
avr. 29, 2016 10:27:02 AM org.apache.coyote.AbstractProtocol pause
INFOS: Pausing ProtocolHandler ["http-bio-8080"]
avr. 29, 2016 10:27:02 AM org.apache.coyote.AbstractProtocol pause
INFOS: Pausing ProtocolHandler ["ajp-bio-8009"]
avr. 29, 2016 10:27:02 AM org.apache.catalina.core.StandardService stopInternal
INFOS: Arrêt du service Catalina
avr. 29, 2016 10:27:02 AM org.apache.openejb.assembler.classic.Assembler destroyApplication
INFOS: Undeploying app: /home/m1/vandekadsye/car-tp4stable/apache-tomee/webapps/ROOT
avr. 29, 2016 10:27:02 AM org.apache.catalina.loader.WebappClassLoader clearReferencesThreads
GRAVE: The web application [] appears to have started a thread named [HSQLDB Timer @2278ff62] but has failed to stop it. This is very likely to create a memory leak.
avr. 29, 2016 10:27:02 AM org.apache.coyote.AbstractProtocol stop
INFOS: Stopping ProtocolHandler ["http-bio-8080"]
avr. 29, 2016 10:27:02 AM org.apache.coyote.AbstractProtocol stop
INFOS: Stopping ProtocolHandler ["ajp-bio-8009"]
avr. 29, 2016 10:27:02 AM org.apache.openejb.server.SimpleServiceManager stop
INFOS: Stopping server services
avr. 29, 2016 10:27:02 AM org.apache.openejb.assembler.classic.Assembler destroyApplication
INFOS: Undeploying app: openejb
avr. 29, 2016 10:27:02 AM org.apache.openejb.assembler.classic.Assembler destroyResource
INFOS: Closing DataSource: Default JDBC Database
avr. 29, 2016 10:27:02 AM org.apache.openejb.assembler.classic.Assembler destroyResource
INFOS: Closing DataSource: Default Unmanaged JDBC Database
avr. 29, 2016 10:27:02 AM org.apache.coyote.AbstractProtocol destroy
INFOS: Destroying ProtocolHandler ["http-bio-8080"]
avr. 29, 2016 10:27:02 AM org.apache.coyote.AbstractProtocol destroy
INFOS: Destroying ProtocolHandler ["ajp-bio-8009"]
avr. 29, 2016 10:39:13 AM org.apache.catalina.core.AprLifecycleListener init
INFOS: The APR based Apache Tomcat Native library which allows optimal performance in production environments was not found on the java.library.path: /usr/java/packages/lib/amd64:/usr/lib64:/lib64:/lib:/usr/lib
avr. 29, 2016 10:39:13 AM org.apache.coyote.AbstractProtocol init
INFOS: Initializing ProtocolHandler ["http-bio-8080"]
avr. 29, 2016 10:39:13 AM org.apache.coyote.AbstractProtocol init
INFOS: Initializing ProtocolHandler ["ajp-bio-8009"]
avr. 29, 2016 10:39:14 AM org.apache.openejb.util.OptionsLog info
INFOS: Using 'openejb.jdbc.datasource-creator=org.apache.tomee.jdbc.TomEEDataSourceCreator'
avr. 29, 2016 10:39:14 AM org.apache.openejb.OpenEJB$Instance <init>
INFOS: ********************************************************************************
avr. 29, 2016 10:39:14 AM org.apache.openejb.OpenEJB$Instance <init>
INFOS: OpenEJB http://openejb.apache.org/
avr. 29, 2016 10:39:14 AM org.apache.openejb.OpenEJB$Instance <init>
INFOS: Startup: Fri Apr 29 10:39:14 CEST 2016
avr. 29, 2016 10:39:14 AM org.apache.openejb.OpenEJB$Instance <init>
INFOS: Copyright 1999-2013 (C) Apache OpenEJB Project, All Rights Reserved.
avr. 29, 2016 10:39:14 AM org.apache.openejb.OpenEJB$Instance <init>
INFOS: Version: 4.7.1
avr. 29, 2016 10:39:14 AM org.apache.openejb.OpenEJB$Instance <init>
INFOS: Build date: 20140912
avr. 29, 2016 10:39:14 AM org.apache.openejb.OpenEJB$Instance <init>
INFOS: Build time: 01:43
avr. 29, 2016 10:39:14 AM org.apache.openejb.OpenEJB$Instance <init>
INFOS: ********************************************************************************
avr. 29, 2016 10:39:14 AM org.apache.openejb.OpenEJB$Instance <init>
INFOS: openejb.home = /home/m1/vandekadsye/car-tp4stable/apache-tomee
avr. 29, 2016 10:39:14 AM org.apache.openejb.OpenEJB$Instance <init>
INFOS: openejb.base = /home/m1/vandekadsye/car-tp4stable/apache-tomee
avr. 29, 2016 10:39:14 AM org.apache.openejb.cdi.CdiBuilder initializeOWB
INFOS: Created new singletonService org.apache.openejb.cdi.ThreadSingletonServiceImpl@60438a68
avr. 29, 2016 10:39:14 AM org.apache.openejb.cdi.CdiBuilder initializeOWB
INFOS: Succeeded in installing singleton service
avr. 29, 2016 10:39:14 AM org.apache.openejb.config.ConfigurationFactory init
INFOS: openejb configuration file is '/home/m1/vandekadsye/car-tp4stable/apache-tomee/conf/tomee.xml'
avr. 29, 2016 10:39:14 AM org.apache.openejb.config.ConfigurationFactory configureService
INFOS: Configuring Service(id=Tomcat Security Service, type=SecurityService, provider-id=Tomcat Security Service)
avr. 29, 2016 10:39:14 AM org.apache.openejb.config.ConfigurationFactory configureService
INFOS: Configuring Service(id=Default Transaction Manager, type=TransactionManager, provider-id=Default Transaction Manager)
avr. 29, 2016 10:39:14 AM org.apache.openejb.util.OptionsLog info
INFOS: Using 'openejb.system.apps=true'
avr. 29, 2016 10:39:14 AM org.apache.openejb.config.ConfigurationFactory configureApplication
INFOS: Configuring enterprise application: openejb
avr. 29, 2016 10:39:14 AM org.apache.openejb.config.InitEjbDeployments deploy
INFOS: Using openejb.deploymentId.format '{ejbName}'
avr. 29, 2016 10:39:14 AM org.apache.openejb.config.InitEjbDeployments deploy
INFOS: Auto-deploying ejb openejb/Deployer: EjbDeployment(deployment-id=openejb/Deployer)
avr. 29, 2016 10:39:14 AM org.apache.openejb.config.InitEjbDeployments deploy
INFOS: Auto-deploying ejb openejb/ConfigurationInfo: EjbDeployment(deployment-id=openejb/ConfigurationInfo)
avr. 29, 2016 10:39:14 AM org.apache.openejb.config.InitEjbDeployments deploy
INFOS: Auto-deploying ejb MEJB: EjbDeployment(deployment-id=MEJB)
avr. 29, 2016 10:39:14 AM org.apache.openejb.config.ConfigurationFactory configureService
INFOS: Configuring Service(id=Default Stateless Container, type=Container, provider-id=Default Stateless Container)
avr. 29, 2016 10:39:14 AM org.apache.openejb.config.AutoConfig createContainer
INFOS: Auto-creating a container for bean openejb/Deployer: Container(type=STATELESS, id=Default Stateless Container)
avr. 29, 2016 10:39:14 AM org.apache.openejb.config.AppInfoBuilder build
INFOS: Enterprise application "openejb" loaded.
avr. 29, 2016 10:39:14 AM org.apache.openejb.assembler.classic.Assembler createRecipe
INFOS: Creating TransactionManager(id=Default Transaction Manager)
avr. 29, 2016 10:39:14 AM org.apache.openejb.assembler.classic.Assembler createRecipe
INFOS: Creating SecurityService(id=Tomcat Security Service)
avr. 29, 2016 10:39:14 AM org.apache.openejb.assembler.classic.Assembler createRecipe
INFOS: Creating Container(id=Default Stateless Container)
avr. 29, 2016 10:39:14 AM org.apache.openejb.assembler.classic.Assembler createApplication
INFOS: Assembling app: openejb
avr. 29, 2016 10:39:14 AM org.apache.openejb.util.OptionsLog info
INFOS: Using 'openejb.jndiname.format={deploymentId}{interfaceType.openejbLegacyName}'
avr. 29, 2016 10:39:14 AM org.apache.openejb.assembler.classic.JndiBuilder bind
INFOS: Jndi(name=openejb/DeployerBusinessRemote) --> Ejb(deployment-id=openejb/Deployer)
avr. 29, 2016 10:39:14 AM org.apache.openejb.assembler.classic.JndiBuilder bind
INFOS: Jndi(name=global/openejb/openejb/Deployer!org.apache.openejb.assembler.Deployer) --> Ejb(deployment-id=openejb/Deployer)
avr. 29, 2016 10:39:14 AM org.apache.openejb.assembler.classic.JndiBuilder bind
INFOS: Jndi(name=global/openejb/openejb/Deployer) --> Ejb(deployment-id=openejb/Deployer)
avr. 29, 2016 10:39:14 AM org.apache.openejb.assembler.classic.JndiBuilder bind
INFOS: Jndi(name=openejb/ConfigurationInfoBusinessRemote) --> Ejb(deployment-id=openejb/ConfigurationInfo)
avr. 29, 2016 10:39:14 AM org.apache.openejb.assembler.classic.JndiBuilder bind
INFOS: Jndi(name=global/openejb/openejb/ConfigurationInfo!org.apache.openejb.assembler.classic.cmd.ConfigurationInfo) --> Ejb(deployment-id=openejb/ConfigurationInfo)
avr. 29, 2016 10:39:14 AM org.apache.openejb.assembler.classic.JndiBuilder bind
INFOS: Jndi(name=global/openejb/openejb/ConfigurationInfo) --> Ejb(deployment-id=openejb/ConfigurationInfo)
avr. 29, 2016 10:39:14 AM org.apache.openejb.assembler.classic.JndiBuilder bind
INFOS: Jndi(name=MEJB) --> Ejb(deployment-id=MEJB)
avr. 29, 2016 10:39:14 AM org.apache.openejb.assembler.classic.JndiBuilder bind
INFOS: Jndi(name=global/openejb/MEJB!javax.management.j2ee.ManagementHome) --> Ejb(deployment-id=MEJB)
avr. 29, 2016 10:39:14 AM org.apache.openejb.assembler.classic.JndiBuilder bind
INFOS: Jndi(name=global/openejb/MEJB) --> Ejb(deployment-id=MEJB)
avr. 29, 2016 10:39:14 AM org.apache.openejb.assembler.classic.Assembler startEjbs
INFOS: Created Ejb(deployment-id=MEJB, ejb-name=MEJB, container=Default Stateless Container)
avr. 29, 2016 10:39:14 AM org.apache.openejb.assembler.classic.Assembler startEjbs
INFOS: Created Ejb(deployment-id=openejb/ConfigurationInfo, ejb-name=openejb/ConfigurationInfo, container=Default Stateless Container)
avr. 29, 2016 10:39:14 AM org.apache.openejb.assembler.classic.Assembler startEjbs
INFOS: Created Ejb(deployment-id=openejb/Deployer, ejb-name=openejb/Deployer, container=Default Stateless Container)
avr. 29, 2016 10:39:14 AM org.apache.openejb.assembler.classic.Assembler startEjbs
INFOS: Started Ejb(deployment-id=MEJB, ejb-name=MEJB, container=Default Stateless Container)
avr. 29, 2016 10:39:14 AM org.apache.openejb.assembler.classic.Assembler startEjbs
INFOS: Started Ejb(deployment-id=openejb/ConfigurationInfo, ejb-name=openejb/ConfigurationInfo, container=Default Stateless Container)
avr. 29, 2016 10:39:14 AM org.apache.openejb.assembler.classic.Assembler startEjbs
INFOS: Started Ejb(deployment-id=openejb/Deployer, ejb-name=openejb/Deployer, container=Default Stateless Container)
avr. 29, 2016 10:39:14 AM org.apache.openejb.assembler.classic.Assembler deployMBean
INFOS: Deployed MBean(openejb.user.mbeans:application=openejb,group=org.apache.openejb.assembler.monitoring,name=JMXDeployer)
avr. 29, 2016 10:39:14 AM org.apache.openejb.assembler.classic.Assembler createApplication
INFOS: Deployed Application(path=openejb)
avr. 29, 2016 10:39:14 AM org.apache.openejb.server.SimpleServiceManager start
INFOS:   ** Bound Services **
avr. 29, 2016 10:39:14 AM org.apache.openejb.server.SimpleServiceManager printRow
INFOS:   NAME                 IP              PORT  
avr. 29, 2016 10:39:14 AM org.apache.openejb.server.SimpleServiceManager start
INFOS: -------
avr. 29, 2016 10:39:14 AM org.apache.openejb.server.SimpleServiceManager start
INFOS: Ready!
avr. 29, 2016 10:39:14 AM org.apache.catalina.startup.Catalina load
INFOS: Initialization processed in 1235 ms
avr. 29, 2016 10:39:14 AM org.apache.tomee.catalina.OpenEJBNamingContextListener bindResource
INFOS: Importing a Tomcat Resource with id 'UserDatabase' of type 'org.apache.catalina.UserDatabase'.
avr. 29, 2016 10:39:14 AM org.apache.openejb.assembler.classic.Assembler createRecipe
INFOS: Creating Resource(id=UserDatabase)
avr. 29, 2016 10:39:14 AM org.apache.catalina.core.StandardService startInternal
INFOS: Démarrage du service Catalina
avr. 29, 2016 10:39:14 AM org.apache.catalina.core.StandardEngine startInternal
INFOS: Starting Servlet Engine: Apache Tomcat (TomEE)/7.0.55 (1.7.1)
avr. 29, 2016 10:39:14 AM org.apache.catalina.startup.HostConfig deployWAR
INFOS: Déploiement de l'archive /home/m1/vandekadsye/car-tp4stable/apache-tomee/webapps/ROOT.war de l'application web
avr. 29, 2016 10:39:14 AM org.apache.tomee.catalina.TomcatWebAppBuilder init
INFOS: ------------------------- localhost -> /
avr. 29, 2016 10:39:14 AM org.apache.openejb.config.ConfigurationFactory configureApplication
INFOS: Configuring enterprise application: /home/m1/vandekadsye/car-tp4stable/apache-tomee/webapps/ROOT
avr. 29, 2016 10:39:14 AM org.apache.openejb.config.InitEjbDeployments deploy
INFOS: Auto-deploying ejb GestionLivre: EjbDeployment(deployment-id=GestionLivre)
avr. 29, 2016 10:39:14 AM org.apache.openejb.config.AutoConfig deploy
INFOS: Configuring PersistenceUnit(name=book-pu)
avr. 29, 2016 10:39:14 AM org.apache.openejb.config.ConfigurationFactory configureService
INFOS: Configuring Service(id=Default JDBC Database, type=Resource, provider-id=Default JDBC Database)
avr. 29, 2016 10:39:14 AM org.apache.openejb.config.AutoConfig logAutoCreateResource
INFOS: Auto-creating a Resource with id 'Default JDBC Database' of type 'DataSource for 'book-pu'.
avr. 29, 2016 10:39:14 AM org.apache.openejb.assembler.classic.Assembler createRecipe
INFOS: Creating Resource(id=Default JDBC Database)
avr. 29, 2016 10:39:14 AM org.apache.tomee.jdbc.TomEEDataSourceCreator$TomEEDataSource readOnly
INFOS: Disabling testOnBorrow since no validation query is provided
avr. 29, 2016 10:39:14 AM org.apache.openejb.config.ConfigurationFactory configureService
INFOS: Configuring Service(id=Default Unmanaged JDBC Database, type=Resource, provider-id=Default Unmanaged JDBC Database)
avr. 29, 2016 10:39:14 AM org.apache.openejb.config.AutoConfig logAutoCreateResource
INFOS: Auto-creating a Resource with id 'Default Unmanaged JDBC Database' of type 'DataSource for 'book-pu'.
avr. 29, 2016 10:39:14 AM org.apache.openejb.assembler.classic.Assembler createRecipe
INFOS: Creating Resource(id=Default Unmanaged JDBC Database)
avr. 29, 2016 10:39:14 AM org.apache.tomee.jdbc.TomEEDataSourceCreator$TomEEDataSource readOnly
INFOS: Disabling testOnBorrow since no validation query is provided
avr. 29, 2016 10:39:14 AM org.apache.openejb.config.AutoConfig setJtaDataSource
INFOS: Adjusting PersistenceUnit book-pu <jta-data-source> to Resource ID 'Default JDBC Database' from 'bookDatabase'
avr. 29, 2016 10:39:14 AM org.apache.openejb.config.AutoConfig setNonJtaDataSource
INFOS: Adjusting PersistenceUnit book-pu <non-jta-data-source> to Resource ID 'Default Unmanaged JDBC Database' from 'null'
avr. 29, 2016 10:39:14 AM org.apache.openejb.config.AppInfoBuilder build
INFOS: Enterprise application "/home/m1/vandekadsye/car-tp4stable/apache-tomee/webapps/ROOT" loaded.
avr. 29, 2016 10:39:14 AM org.apache.openejb.assembler.classic.Assembler createApplication
INFOS: Assembling app: /home/m1/vandekadsye/car-tp4stable/apache-tomee/webapps/ROOT
avr. 29, 2016 10:39:15 AM null
INFOS: OpenJPA dynamically loaded a validation provider.
avr. 29, 2016 10:39:15 AM org.apache.openejb.assembler.classic.ReloadableEntityManagerFactory createDelegate
INFOS: PersistenceUnit(name=book-pu, provider=org.apache.openjpa.persistence.PersistenceProviderImpl) - provider time 154ms
avr. 29, 2016 10:39:15 AM org.apache.openejb.assembler.classic.JndiBuilder bind
INFOS: Jndi(name=GestionLivreLocal) --> Ejb(deployment-id=GestionLivre)
avr. 29, 2016 10:39:15 AM org.apache.openejb.assembler.classic.JndiBuilder bind
INFOS: Jndi(name=global//GestionLivre!car.tp4.itf.GestionLivreItf) --> Ejb(deployment-id=GestionLivre)
avr. 29, 2016 10:39:15 AM org.apache.openejb.assembler.classic.JndiBuilder bind
INFOS: Jndi(name=global//GestionLivre) --> Ejb(deployment-id=GestionLivre)
avr. 29, 2016 10:39:15 AM org.apache.openejb.cdi.CdiBuilder initSingleton
INFOS: Existing thread singleton service in SystemInstance(): org.apache.openejb.cdi.ThreadSingletonServiceImpl@60438a68
avr. 29, 2016 10:39:15 AM org.apache.openejb.cdi.OpenEJBLifecycle startApplication
INFOS: OpenWebBeans Container is starting...
avr. 29, 2016 10:39:15 AM org.apache.webbeans.plugins.PluginLoader startUp
INFOS: Adding OpenWebBeansPlugin : [CdiPlugin]
avr. 29, 2016 10:39:15 AM org.apache.webbeans.plugins.PluginLoader startUp
INFOS: Adding OpenWebBeansPlugin : [OpenWebBeansJsfPlugin]
avr. 29, 2016 10:39:15 AM org.apache.webbeans.config.BeansDeployer validateInjectionPoints
INFOS: All injection points were validated successfully.
avr. 29, 2016 10:39:15 AM org.apache.openejb.cdi.OpenEJBLifecycle startApplication
INFOS: OpenWebBeans Container has started, it took 48 ms.
avr. 29, 2016 10:39:15 AM org.apache.openejb.assembler.classic.Assembler startEjbs
INFOS: Created Ejb(deployment-id=GestionLivre, ejb-name=GestionLivre, container=Default Stateless Container)
avr. 29, 2016 10:39:15 AM org.apache.openejb.assembler.classic.Assembler startEjbs
INFOS: Started Ejb(deployment-id=GestionLivre, ejb-name=GestionLivre, container=Default Stateless Container)
avr. 29, 2016 10:39:15 AM org.apache.openejb.assembler.classic.Assembler createApplication
INFOS: Deployed Application(path=/home/m1/vandekadsye/car-tp4stable/apache-tomee/webapps/ROOT)
avr. 29, 2016 10:39:15 AM org.apache.catalina.startup.HostConfig deployWAR
INFOS: Deployment of web application archive /home/m1/vandekadsye/car-tp4stable/apache-tomee/webapps/ROOT.war has finished in 866 ms
avr. 29, 2016 10:39:15 AM org.apache.coyote.AbstractProtocol start
INFOS: Starting ProtocolHandler ["http-bio-8080"]
avr. 29, 2016 10:39:15 AM org.apache.coyote.AbstractProtocol start
INFOS: Starting ProtocolHandler ["ajp-bio-8009"]
avr. 29, 2016 10:39:15 AM org.apache.catalina.startup.Catalina start
INFOS: Server startup in 915 ms
avr. 29, 2016 10:39:42 AM null
AVERTISSEMENT: The type "car.tp4.entity.Livre" must have a no-args constructor. Adding a public no-args constructor.
avr. 29, 2016 10:39:42 AM null
INFOS: Starting OpenJPA 2.4.0-nonfinal-1598334
avr. 29, 2016 10:39:42 AM org.hsqldb.persist.Logger logInfoEvent
INFOS: checkpointClose start
avr. 29, 2016 10:39:42 AM org.hsqldb.persist.Logger logInfoEvent
INFOS: checkpointClose end
avr. 29, 2016 10:39:42 AM null
INFOS: Using dictionary class "org.apache.openjpa.jdbc.sql.HSQLDictionary" (HSQL Database Engine 2.3.2 ,HSQL Database Engine Driver 2.3.2).
avr. 29, 2016 10:39:42 AM null
INFOS: Connected to HSQL Database Engine version 2.2 using JDBC driver HSQL Database Engine Driver version 2.3.2. 
avr. 29, 2016 10:39:42 AM null
AVERTISSEMENT: The class "car.tp4.Book" listed in the openjpa.MetaDataFactory configuration property could not be loaded by LazyStopWebappClassLoader
  context: 
  delegate: false
  repositories:
    /WEB-INF/classes/
----------> Parent Classloader:
org.apache.catalina.loader.StandardClassLoader@1a93a7ca
; ignoring.
avr. 29, 2016 10:39:42 AM null
INFOS: The class "car.tp4.Book" listed in the openjpa.MetaDataFactory configuration property could not be loaded by LazyStopWebappClassLoader
  context: 
  delegate: false
  repositories:
    /WEB-INF/classes/
----------> Parent Classloader:
org.apache.catalina.loader.StandardClassLoader@1a93a7ca
; ignoring.
avr. 29, 2016 10:39:42 AM null
AVERTISSEMENT: The class "car.tp4.Book" listed in the openjpa.MetaDataFactory configuration property could not be loaded by LazyStopWebappClassLoader
  context: 
  delegate: false
  repositories:
    /WEB-INF/classes/
----------> Parent Classloader:
org.apache.catalina.loader.StandardClassLoader@1a93a7ca
; ignoring.
avr. 29, 2016 10:39:42 AM null
AVERTISSEMENT: The class "car.tp4.Book" listed in the openjpa.MetaDataFactory configuration property could not be loaded by LazyStopWebappClassLoader
  context: 
  delegate: false
  repositories:
    /WEB-INF/classes/
----------> Parent Classloader:
org.apache.catalina.loader.StandardClassLoader@1a93a7ca
; ignoring.
avr. 29, 2016 11:40:01 AM org.apache.coyote.AbstractProtocol pause
INFOS: Pausing ProtocolHandler ["http-bio-8080"]
avr. 29, 2016 11:40:02 AM org.apache.coyote.AbstractProtocol pause
INFOS: Pausing ProtocolHandler ["ajp-bio-8009"]
avr. 29, 2016 11:40:02 AM org.apache.catalina.core.StandardService stopInternal
INFOS: Arrêt du service Catalina
avr. 29, 2016 11:40:02 AM org.apache.openejb.assembler.classic.Assembler destroyApplication
INFOS: Undeploying app: /home/m1/vandekadsye/car-tp4stable/apache-tomee/webapps/ROOT
avr. 29, 2016 11:40:02 AM org.apache.catalina.loader.WebappClassLoader clearReferencesThreads
GRAVE: The web application [] appears to have started a thread named [HSQLDB Timer @7d6c4733] but has failed to stop it. This is very likely to create a memory leak.
avr. 29, 2016 11:40:02 AM org.apache.coyote.AbstractProtocol stop
INFOS: Stopping ProtocolHandler ["http-bio-8080"]
avr. 29, 2016 11:40:02 AM org.apache.coyote.AbstractProtocol stop
INFOS: Stopping ProtocolHandler ["ajp-bio-8009"]
avr. 29, 2016 11:40:02 AM org.apache.openejb.server.SimpleServiceManager stop
INFOS: Stopping server services
avr. 29, 2016 11:40:02 AM org.apache.openejb.assembler.classic.Assembler destroyApplication
INFOS: Undeploying app: openejb
avr. 29, 2016 11:40:02 AM org.apache.openejb.assembler.classic.Assembler destroyResource
INFOS: Closing DataSource: Default JDBC Database
avr. 29, 2016 11:40:02 AM org.apache.openejb.assembler.classic.Assembler destroyResource
INFOS: Closing DataSource: Default Unmanaged JDBC Database
avr. 29, 2016 11:40:02 AM org.apache.coyote.AbstractProtocol destroy
INFOS: Destroying ProtocolHandler ["http-bio-8080"]
avr. 29, 2016 11:40:02 AM org.apache.coyote.AbstractProtocol destroy
INFOS: Destroying ProtocolHandler ["ajp-bio-8009"]
