avr. 28, 2016 10:07:39 PM org.apache.catalina.core.AprLifecycleListener init
INFOS: The APR based Apache Tomcat Native library which allows optimal performance in production environments was not found on the java.library.path: C:\Program Files\Java\jdk1.8.0_66\bin;C:\WINDOWS\Sun\Java\bin;C:\WINDOWS\system32;C:\WINDOWS;C:\Python27\;C:\Python27\Scripts;C:\ProgramData\Oracle\Java\javapath;C:\WINDOWS\system32;C:\WINDOWS;C:\WINDOWS\System32\Wbem;C:\WINDOWS\System32\WindowsPowerShell\v1.0\;C:\Program Files (x86)\ATI Technologies\ATI.ACE\Core-Static;C:\Program Files (x86)\Windows Kits\8.1\Windows Performance Toolkit\;C:\Program Files\Microsoft SQL Server\110\Tools\Binn\;C:\Program Files\Microsoft\Web Platform Installer\;C:\Program Files\Microsoft SQL Server\120\Tools\Binn\;C:\Program Files (x86)\GtkSharp\2.12\bin;C:\wamp\bin\php\php5.5.12\;C:\Program Files (x86)\Toshiba\Bluetooth Toshiba Stack\sys\;C:\Program Files (x86)\Toshiba\Bluetooth Toshiba Stack\sys\x64\;C:\Program Files (x86)\AMD\ATI.ACE\Core-Static;C:\WINDOWS\system32\config\systemprofile\.dnx\bin;C:\Program Files\Microsoft DNX\Dnvm\;C:\Program Files (x86)\Windows Kits\10\Windows Performance Toolkit\;C:\Program Files\Git\cmd;C:\Program Files (x86)\Java\jre1.8.0_66\bin;C:\Program Files (x86)\Brackets\command;C:\Program Files (x86)\MinGHC-7.8.3\switch;C:\Program Files (x86)\MinGHC-7.8.3\msys-1.0.1\bin;C:\Program Files (x86)\MinGHC-7.8.3\ghc-7.8.3\mingw\bin;C:\Program Files (x86)\MinGHC-7.8.3\ghc-7.8.3\bin;C:\Program Files (x86)\MinGHC-7.8.3\bin;C:\Users\Quentin\AppData\Roaming\cabal\bin;C:\wamp\bin\php\php5.5.12\;C:\Users\Quentin\AppData\Local\Code\bin;C:\Users\Quentin\AppData\Local\atom\bin;C:\Users\Quentin\.babun;.
avr. 28, 2016 10:07:40 PM org.apache.coyote.AbstractProtocol init
INFOS: Initializing ProtocolHandler ["http-bio-8080"]
avr. 28, 2016 10:07:40 PM org.apache.coyote.AbstractProtocol init
INFOS: Initializing ProtocolHandler ["ajp-bio-8009"]
avr. 28, 2016 10:07:44 PM org.apache.openejb.util.OptionsLog info
INFOS: Using 'openejb.jdbc.datasource-creator=org.apache.tomee.jdbc.TomEEDataSourceCreator'
avr. 28, 2016 10:07:44 PM org.apache.openejb.OpenEJB$Instance <init>
INFOS: ********************************************************************************
avr. 28, 2016 10:07:44 PM org.apache.openejb.OpenEJB$Instance <init>
INFOS: OpenEJB http://openejb.apache.org/
avr. 28, 2016 10:07:44 PM org.apache.openejb.OpenEJB$Instance <init>
INFOS: Startup: Thu Apr 28 22:07:44 CEST 2016
avr. 28, 2016 10:07:44 PM org.apache.openejb.OpenEJB$Instance <init>
INFOS: Copyright 1999-2013 (C) Apache OpenEJB Project, All Rights Reserved.
avr. 28, 2016 10:07:44 PM org.apache.openejb.OpenEJB$Instance <init>
INFOS: Version: 4.7.1
avr. 28, 2016 10:07:44 PM org.apache.openejb.OpenEJB$Instance <init>
INFOS: Build date: 20140912
avr. 28, 2016 10:07:44 PM org.apache.openejb.OpenEJB$Instance <init>
INFOS: Build time: 01:43
avr. 28, 2016 10:07:44 PM org.apache.openejb.OpenEJB$Instance <init>
INFOS: ********************************************************************************
avr. 28, 2016 10:07:44 PM org.apache.openejb.OpenEJB$Instance <init>
INFOS: openejb.home = C:\Users\Quentin\Downloads\car-tp4\car-tp4\apache-tomee
avr. 28, 2016 10:07:44 PM org.apache.openejb.OpenEJB$Instance <init>
INFOS: openejb.base = C:\Users\Quentin\Downloads\car-tp4\car-tp4\apache-tomee
avr. 28, 2016 10:07:44 PM org.apache.openejb.cdi.CdiBuilder initializeOWB
INFOS: Created new singletonService org.apache.openejb.cdi.ThreadSingletonServiceImpl@2473b9ce
avr. 28, 2016 10:07:44 PM org.apache.openejb.cdi.CdiBuilder initializeOWB
INFOS: Succeeded in installing singleton service
avr. 28, 2016 10:07:44 PM org.apache.openejb.config.ConfigurationFactory init
INFOS: openejb configuration file is 'C:\Users\Quentin\Downloads\car-tp4\car-tp4\apache-tomee\conf\tomee.xml'
avr. 28, 2016 10:07:45 PM org.apache.openejb.config.ConfigurationFactory configureService
INFOS: Configuring Service(id=Tomcat Security Service, type=SecurityService, provider-id=Tomcat Security Service)
avr. 28, 2016 10:07:45 PM org.apache.openejb.config.ConfigurationFactory configureService
INFOS: Configuring Service(id=Default Transaction Manager, type=TransactionManager, provider-id=Default Transaction Manager)
avr. 28, 2016 10:07:45 PM org.apache.openejb.util.OptionsLog info
INFOS: Using 'openejb.system.apps=true'
avr. 28, 2016 10:07:45 PM org.apache.openejb.config.ConfigurationFactory configureApplication
INFOS: Configuring enterprise application: openejb
avr. 28, 2016 10:07:46 PM org.apache.openejb.config.InitEjbDeployments deploy
INFOS: Using openejb.deploymentId.format '{ejbName}'
avr. 28, 2016 10:07:46 PM org.apache.openejb.config.InitEjbDeployments deploy
INFOS: Auto-deploying ejb openejb/Deployer: EjbDeployment(deployment-id=openejb/Deployer)
avr. 28, 2016 10:07:46 PM org.apache.openejb.config.InitEjbDeployments deploy
INFOS: Auto-deploying ejb openejb/ConfigurationInfo: EjbDeployment(deployment-id=openejb/ConfigurationInfo)
avr. 28, 2016 10:07:46 PM org.apache.openejb.config.InitEjbDeployments deploy
INFOS: Auto-deploying ejb MEJB: EjbDeployment(deployment-id=MEJB)
avr. 28, 2016 10:07:46 PM org.apache.openejb.config.ConfigurationFactory configureService
INFOS: Configuring Service(id=Default Stateless Container, type=Container, provider-id=Default Stateless Container)
avr. 28, 2016 10:07:46 PM org.apache.openejb.config.AutoConfig createContainer
INFOS: Auto-creating a container for bean openejb/Deployer: Container(type=STATELESS, id=Default Stateless Container)
avr. 28, 2016 10:07:46 PM org.apache.openejb.config.AppInfoBuilder build
INFOS: Enterprise application "openejb" loaded.
avr. 28, 2016 10:07:46 PM org.apache.openejb.assembler.classic.Assembler createRecipe
INFOS: Creating TransactionManager(id=Default Transaction Manager)
avr. 28, 2016 10:07:46 PM org.apache.openejb.assembler.classic.Assembler createRecipe
INFOS: Creating SecurityService(id=Tomcat Security Service)
avr. 28, 2016 10:07:46 PM org.apache.openejb.assembler.classic.Assembler createRecipe
INFOS: Creating Container(id=Default Stateless Container)
avr. 28, 2016 10:07:46 PM org.apache.openejb.assembler.classic.Assembler createApplication
INFOS: Assembling app: openejb
avr. 28, 2016 10:07:47 PM org.apache.openejb.util.OptionsLog info
INFOS: Using 'openejb.jndiname.format={deploymentId}{interfaceType.openejbLegacyName}'
avr. 28, 2016 10:07:47 PM org.apache.openejb.assembler.classic.JndiBuilder bind
INFOS: Jndi(name=openejb/DeployerBusinessRemote) --> Ejb(deployment-id=openejb/Deployer)
avr. 28, 2016 10:07:47 PM org.apache.openejb.assembler.classic.JndiBuilder bind
INFOS: Jndi(name=global/openejb/openejb/Deployer!org.apache.openejb.assembler.Deployer) --> Ejb(deployment-id=openejb/Deployer)
avr. 28, 2016 10:07:47 PM org.apache.openejb.assembler.classic.JndiBuilder bind
INFOS: Jndi(name=global/openejb/openejb/Deployer) --> Ejb(deployment-id=openejb/Deployer)
avr. 28, 2016 10:07:47 PM org.apache.openejb.assembler.classic.JndiBuilder bind
INFOS: Jndi(name=openejb/ConfigurationInfoBusinessRemote) --> Ejb(deployment-id=openejb/ConfigurationInfo)
avr. 28, 2016 10:07:47 PM org.apache.openejb.assembler.classic.JndiBuilder bind
INFOS: Jndi(name=global/openejb/openejb/ConfigurationInfo!org.apache.openejb.assembler.classic.cmd.ConfigurationInfo) --> Ejb(deployment-id=openejb/ConfigurationInfo)
avr. 28, 2016 10:07:47 PM org.apache.openejb.assembler.classic.JndiBuilder bind
INFOS: Jndi(name=global/openejb/openejb/ConfigurationInfo) --> Ejb(deployment-id=openejb/ConfigurationInfo)
avr. 28, 2016 10:07:47 PM org.apache.openejb.assembler.classic.JndiBuilder bind
INFOS: Jndi(name=MEJB) --> Ejb(deployment-id=MEJB)
avr. 28, 2016 10:07:47 PM org.apache.openejb.assembler.classic.JndiBuilder bind
INFOS: Jndi(name=global/openejb/MEJB!javax.management.j2ee.ManagementHome) --> Ejb(deployment-id=MEJB)
avr. 28, 2016 10:07:47 PM org.apache.openejb.assembler.classic.JndiBuilder bind
INFOS: Jndi(name=global/openejb/MEJB) --> Ejb(deployment-id=MEJB)
avr. 28, 2016 10:07:47 PM org.apache.openejb.assembler.classic.Assembler startEjbs
INFOS: Created Ejb(deployment-id=MEJB, ejb-name=MEJB, container=Default Stateless Container)
avr. 28, 2016 10:07:47 PM org.apache.openejb.assembler.classic.Assembler startEjbs
INFOS: Created Ejb(deployment-id=openejb/ConfigurationInfo, ejb-name=openejb/ConfigurationInfo, container=Default Stateless Container)
avr. 28, 2016 10:07:47 PM org.apache.openejb.assembler.classic.Assembler startEjbs
INFOS: Created Ejb(deployment-id=openejb/Deployer, ejb-name=openejb/Deployer, container=Default Stateless Container)
avr. 28, 2016 10:07:47 PM org.apache.openejb.assembler.classic.Assembler startEjbs
INFOS: Started Ejb(deployment-id=MEJB, ejb-name=MEJB, container=Default Stateless Container)
avr. 28, 2016 10:07:47 PM org.apache.openejb.assembler.classic.Assembler startEjbs
INFOS: Started Ejb(deployment-id=openejb/ConfigurationInfo, ejb-name=openejb/ConfigurationInfo, container=Default Stateless Container)
avr. 28, 2016 10:07:47 PM org.apache.openejb.assembler.classic.Assembler startEjbs
INFOS: Started Ejb(deployment-id=openejb/Deployer, ejb-name=openejb/Deployer, container=Default Stateless Container)
avr. 28, 2016 10:07:47 PM org.apache.openejb.assembler.classic.Assembler deployMBean
INFOS: Deployed MBean(openejb.user.mbeans:application=openejb,group=org.apache.openejb.assembler.monitoring,name=JMXDeployer)
avr. 28, 2016 10:07:47 PM org.apache.openejb.assembler.classic.Assembler createApplication
INFOS: Deployed Application(path=openejb)
avr. 28, 2016 10:07:47 PM org.apache.openejb.server.SimpleServiceManager start
INFOS:   ** Bound Services **
avr. 28, 2016 10:07:48 PM org.apache.openejb.server.SimpleServiceManager printRow
INFOS:   NAME                 IP              PORT  
avr. 28, 2016 10:07:48 PM org.apache.openejb.server.SimpleServiceManager start
INFOS: -------
avr. 28, 2016 10:07:48 PM org.apache.openejb.server.SimpleServiceManager start
INFOS: Ready!
avr. 28, 2016 10:07:48 PM org.apache.catalina.startup.Catalina load
INFOS: Initialization processed in 10062 ms
avr. 28, 2016 10:07:48 PM org.apache.tomee.catalina.OpenEJBNamingContextListener bindResource
INFOS: Importing a Tomcat Resource with id 'UserDatabase' of type 'org.apache.catalina.UserDatabase'.
avr. 28, 2016 10:07:48 PM org.apache.openejb.assembler.classic.Assembler createRecipe
INFOS: Creating Resource(id=UserDatabase)
avr. 28, 2016 10:07:48 PM org.apache.catalina.core.StandardService startInternal
INFOS: Démarrage du service Catalina
avr. 28, 2016 10:07:48 PM org.apache.catalina.core.StandardEngine startInternal
INFOS: Starting Servlet Engine: Apache Tomcat (TomEE)/7.0.55 (1.7.1)
avr. 28, 2016 10:07:48 PM org.apache.catalina.startup.HostConfig deployWAR
INFOS: Déploiement de l'archive C:\Users\Quentin\Downloads\car-tp4\car-tp4\apache-tomee\webapps\ROOT.war de l'application web
avr. 28, 2016 10:07:48 PM org.apache.tomee.catalina.TomcatWebAppBuilder init
INFOS: ------------------------- localhost -> /
avr. 28, 2016 10:07:49 PM org.apache.openejb.config.ConfigurationFactory configureApplication
INFOS: Configuring enterprise application: C:\Users\Quentin\Downloads\car-tp4\car-tp4\apache-tomee\webapps\ROOT
avr. 28, 2016 10:07:50 PM org.apache.openejb.config.InitEjbDeployments deploy
INFOS: Auto-deploying ejb GestionLivre: EjbDeployment(deployment-id=GestionLivre)
avr. 28, 2016 10:07:50 PM org.apache.openejb.config.AutoConfig deploy
INFOS: Configuring PersistenceUnit(name=book-pu)
avr. 28, 2016 10:07:50 PM org.apache.openejb.config.ConfigurationFactory configureService
INFOS: Configuring Service(id=Default JDBC Database, type=Resource, provider-id=Default JDBC Database)
avr. 28, 2016 10:07:50 PM org.apache.openejb.config.AutoConfig logAutoCreateResource
INFOS: Auto-creating a Resource with id 'Default JDBC Database' of type 'DataSource for 'book-pu'.
avr. 28, 2016 10:07:50 PM org.apache.openejb.assembler.classic.Assembler createRecipe
INFOS: Creating Resource(id=Default JDBC Database)
avr. 28, 2016 10:07:50 PM org.apache.tomee.jdbc.TomEEDataSourceCreator$TomEEDataSource readOnly
INFOS: Disabling testOnBorrow since no validation query is provided
avr. 28, 2016 10:07:50 PM org.apache.openejb.config.ConfigurationFactory configureService
INFOS: Configuring Service(id=Default Unmanaged JDBC Database, type=Resource, provider-id=Default Unmanaged JDBC Database)
avr. 28, 2016 10:07:50 PM org.apache.openejb.config.AutoConfig logAutoCreateResource
INFOS: Auto-creating a Resource with id 'Default Unmanaged JDBC Database' of type 'DataSource for 'book-pu'.
avr. 28, 2016 10:07:50 PM org.apache.openejb.assembler.classic.Assembler createRecipe
INFOS: Creating Resource(id=Default Unmanaged JDBC Database)
avr. 28, 2016 10:07:50 PM org.apache.tomee.jdbc.TomEEDataSourceCreator$TomEEDataSource readOnly
INFOS: Disabling testOnBorrow since no validation query is provided
avr. 28, 2016 10:07:50 PM org.apache.openejb.config.AutoConfig setJtaDataSource
INFOS: Adjusting PersistenceUnit book-pu <jta-data-source> to Resource ID 'Default JDBC Database' from 'bookDatabase'
avr. 28, 2016 10:07:50 PM org.apache.openejb.config.AutoConfig setNonJtaDataSource
INFOS: Adjusting PersistenceUnit book-pu <non-jta-data-source> to Resource ID 'Default Unmanaged JDBC Database' from 'null'
avr. 28, 2016 10:07:50 PM org.apache.openejb.config.AppInfoBuilder build
INFOS: Enterprise application "C:\Users\Quentin\Downloads\car-tp4\car-tp4\apache-tomee\webapps\ROOT" loaded.
avr. 28, 2016 10:07:50 PM org.apache.openejb.assembler.classic.Assembler createApplication
INFOS: Assembling app: C:\Users\Quentin\Downloads\car-tp4\car-tp4\apache-tomee\webapps\ROOT
avr. 28, 2016 10:07:52 PM null
INFOS: OpenJPA dynamically loaded a validation provider.
avr. 28, 2016 10:07:52 PM org.apache.openejb.assembler.classic.ReloadableEntityManagerFactory createDelegate
INFOS: PersistenceUnit(name=book-pu, provider=org.apache.openjpa.persistence.PersistenceProviderImpl) - provider time 1461ms
avr. 28, 2016 10:07:52 PM org.apache.openejb.assembler.classic.JndiBuilder bind
INFOS: Jndi(name=GestionLivreLocal) --> Ejb(deployment-id=GestionLivre)
avr. 28, 2016 10:07:52 PM org.apache.openejb.assembler.classic.JndiBuilder bind
INFOS: Jndi(name=global//GestionLivre!car.tp4.itf.GestionLivreItf) --> Ejb(deployment-id=GestionLivre)
avr. 28, 2016 10:07:52 PM org.apache.openejb.assembler.classic.JndiBuilder bind
INFOS: Jndi(name=global//GestionLivre) --> Ejb(deployment-id=GestionLivre)
avr. 28, 2016 10:07:52 PM org.apache.openejb.cdi.CdiBuilder initSingleton
INFOS: Existing thread singleton service in SystemInstance(): org.apache.openejb.cdi.ThreadSingletonServiceImpl@2473b9ce
avr. 28, 2016 10:07:53 PM org.apache.openejb.cdi.OpenEJBLifecycle startApplication
INFOS: OpenWebBeans Container is starting...
avr. 28, 2016 10:07:53 PM org.apache.webbeans.plugins.PluginLoader startUp
INFOS: Adding OpenWebBeansPlugin : [CdiPlugin]
avr. 28, 2016 10:07:53 PM org.apache.webbeans.plugins.PluginLoader startUp
INFOS: Adding OpenWebBeansPlugin : [OpenWebBeansJsfPlugin]
avr. 28, 2016 10:07:53 PM org.apache.webbeans.config.BeansDeployer validateInjectionPoints
INFOS: All injection points were validated successfully.
avr. 28, 2016 10:07:53 PM org.apache.openejb.cdi.OpenEJBLifecycle startApplication
INFOS: OpenWebBeans Container has started, it took 440 ms.
avr. 28, 2016 10:07:53 PM org.apache.openejb.assembler.classic.Assembler startEjbs
INFOS: Created Ejb(deployment-id=GestionLivre, ejb-name=GestionLivre, container=Default Stateless Container)
avr. 28, 2016 10:07:53 PM org.apache.openejb.assembler.classic.Assembler startEjbs
INFOS: Started Ejb(deployment-id=GestionLivre, ejb-name=GestionLivre, container=Default Stateless Container)
avr. 28, 2016 10:07:53 PM org.apache.openejb.assembler.classic.Assembler createApplication
INFOS: Deployed Application(path=C:\Users\Quentin\Downloads\car-tp4\car-tp4\apache-tomee\webapps\ROOT)
avr. 28, 2016 10:07:56 PM org.apache.catalina.startup.HostConfig deployWAR
INFOS: Deployment of web application archive C:\Users\Quentin\Downloads\car-tp4\car-tp4\apache-tomee\webapps\ROOT.war has finished in 8 593 ms
avr. 28, 2016 10:07:56 PM org.apache.coyote.AbstractProtocol start
INFOS: Starting ProtocolHandler ["http-bio-8080"]
avr. 28, 2016 10:07:56 PM org.apache.coyote.AbstractProtocol start
INFOS: Starting ProtocolHandler ["ajp-bio-8009"]
avr. 28, 2016 10:07:56 PM org.apache.catalina.startup.Catalina start
INFOS: Server startup in 8868 ms
avr. 28, 2016 10:08:12 PM null
AVERTISSEMENT: The type "car.tp4.entity.Livre" must have a no-args constructor. Adding a public no-args constructor.
avr. 28, 2016 10:08:13 PM null
INFOS: Starting OpenJPA 2.4.0-nonfinal-1598334
avr. 28, 2016 10:08:14 PM org.hsqldb.persist.Logger logInfoEvent
INFOS: Checkpoint start
avr. 28, 2016 10:08:14 PM org.hsqldb.persist.Logger logInfoEvent
INFOS: checkpointClose start
avr. 28, 2016 10:08:14 PM org.hsqldb.persist.Logger logInfoEvent
INFOS: checkpointClose end
avr. 28, 2016 10:08:14 PM org.hsqldb.persist.Logger logInfoEvent
INFOS: Checkpoint end - txts: 1
avr. 28, 2016 10:08:15 PM null
INFOS: Using dictionary class "org.apache.openjpa.jdbc.sql.HSQLDictionary" (HSQL Database Engine 2.3.2 ,HSQL Database Engine Driver 2.3.2).
avr. 28, 2016 10:08:15 PM null
INFOS: Connected to HSQL Database Engine version 2.2 using JDBC driver HSQL Database Engine Driver version 2.3.2. 
avr. 28, 2016 10:08:15 PM null
AVERTISSEMENT: The class "car.tp4.Book" listed in the openjpa.MetaDataFactory configuration property could not be loaded by LazyStopWebappClassLoader
  context: 
  delegate: false
  repositories:
    /WEB-INF/classes/
----------> Parent Classloader:
org.apache.catalina.loader.StandardClassLoader@443b7951
; ignoring.
avr. 28, 2016 10:08:15 PM null
INFOS: The class "car.tp4.Book" listed in the openjpa.MetaDataFactory configuration property could not be loaded by LazyStopWebappClassLoader
  context: 
  delegate: false
  repositories:
    /WEB-INF/classes/
----------> Parent Classloader:
org.apache.catalina.loader.StandardClassLoader@443b7951
; ignoring.
avr. 28, 2016 10:08:16 PM null
AVERTISSEMENT: The class "car.tp4.Book" listed in the openjpa.MetaDataFactory configuration property could not be loaded by LazyStopWebappClassLoader
  context: 
  delegate: false
  repositories:
    /WEB-INF/classes/
----------> Parent Classloader:
org.apache.catalina.loader.StandardClassLoader@443b7951
; ignoring.
avr. 28, 2016 10:08:16 PM null
AVERTISSEMENT: The class "car.tp4.Book" listed in the openjpa.MetaDataFactory configuration property could not be loaded by LazyStopWebappClassLoader
  context: 
  delegate: false
  repositories:
    /WEB-INF/classes/
----------> Parent Classloader:
org.apache.catalina.loader.StandardClassLoader@443b7951
; ignoring.
avr. 28, 2016 10:12:22 PM org.apache.coyote.AbstractProtocol pause
INFOS: Pausing ProtocolHandler ["http-bio-8080"]
avr. 28, 2016 10:12:22 PM org.apache.coyote.AbstractProtocol pause
INFOS: Pausing ProtocolHandler ["ajp-bio-8009"]
avr. 28, 2016 10:12:22 PM org.apache.catalina.core.StandardService stopInternal
INFOS: Arrêt du service Catalina
avr. 28, 2016 10:12:23 PM org.apache.openejb.assembler.classic.Assembler destroyApplication
INFOS: Undeploying app: C:\Users\Quentin\Downloads\car-tp4\car-tp4\apache-tomee\webapps\ROOT
avr. 28, 2016 10:12:23 PM org.apache.catalina.loader.WebappClassLoader clearReferencesThreads
GRAVE: The web application [] appears to have started a thread named [HSQLDB Timer @2b4f3d54] but has failed to stop it. This is very likely to create a memory leak.
avr. 28, 2016 10:12:23 PM org.apache.coyote.AbstractProtocol stop
INFOS: Stopping ProtocolHandler ["http-bio-8080"]
avr. 28, 2016 10:12:23 PM org.apache.coyote.AbstractProtocol stop
INFOS: Stopping ProtocolHandler ["ajp-bio-8009"]
avr. 28, 2016 10:12:23 PM org.apache.openejb.server.SimpleServiceManager stop
INFOS: Stopping server services
avr. 28, 2016 10:12:23 PM org.apache.openejb.assembler.classic.Assembler destroyApplication
INFOS: Undeploying app: openejb
avr. 28, 2016 10:12:23 PM org.apache.openejb.assembler.classic.Assembler destroyResource
INFOS: Closing DataSource: Default JDBC Database
avr. 28, 2016 10:12:23 PM org.apache.openejb.assembler.classic.Assembler destroyResource
INFOS: Closing DataSource: Default Unmanaged JDBC Database
avr. 28, 2016 10:12:23 PM org.apache.coyote.AbstractProtocol destroy
INFOS: Destroying ProtocolHandler ["http-bio-8080"]
avr. 28, 2016 10:12:23 PM org.apache.coyote.AbstractProtocol destroy
INFOS: Destroying ProtocolHandler ["ajp-bio-8009"]
avr. 28, 2016 10:28:02 PM org.apache.catalina.core.AprLifecycleListener init
INFOS: The APR based Apache Tomcat Native library which allows optimal performance in production environments was not found on the java.library.path: C:\Program Files\Java\jdk1.8.0_66\bin;C:\WINDOWS\Sun\Java\bin;C:\WINDOWS\system32;C:\WINDOWS;C:\Python27\;C:\Python27\Scripts;C:\ProgramData\Oracle\Java\javapath;C:\WINDOWS\system32;C:\WINDOWS;C:\WINDOWS\System32\Wbem;C:\WINDOWS\System32\WindowsPowerShell\v1.0\;C:\Program Files (x86)\ATI Technologies\ATI.ACE\Core-Static;C:\Program Files (x86)\Windows Kits\8.1\Windows Performance Toolkit\;C:\Program Files\Microsoft SQL Server\110\Tools\Binn\;C:\Program Files\Microsoft\Web Platform Installer\;C:\Program Files\Microsoft SQL Server\120\Tools\Binn\;C:\Program Files (x86)\GtkSharp\2.12\bin;C:\wamp\bin\php\php5.5.12\;C:\Program Files (x86)\Toshiba\Bluetooth Toshiba Stack\sys\;C:\Program Files (x86)\Toshiba\Bluetooth Toshiba Stack\sys\x64\;C:\Program Files (x86)\AMD\ATI.ACE\Core-Static;C:\WINDOWS\system32\config\systemprofile\.dnx\bin;C:\Program Files\Microsoft DNX\Dnvm\;C:\Program Files (x86)\Windows Kits\10\Windows Performance Toolkit\;C:\Program Files\Git\cmd;C:\Program Files (x86)\Java\jre1.8.0_66\bin;C:\Program Files (x86)\Brackets\command;C:\Program Files (x86)\MinGHC-7.8.3\switch;C:\Program Files (x86)\MinGHC-7.8.3\msys-1.0.1\bin;C:\Program Files (x86)\MinGHC-7.8.3\ghc-7.8.3\mingw\bin;C:\Program Files (x86)\MinGHC-7.8.3\ghc-7.8.3\bin;C:\Program Files (x86)\MinGHC-7.8.3\bin;C:\Users\Quentin\AppData\Roaming\cabal\bin;C:\wamp\bin\php\php5.5.12\;C:\Users\Quentin\AppData\Local\Code\bin;C:\Users\Quentin\AppData\Local\atom\bin;C:\Users\Quentin\.babun;.
avr. 28, 2016 10:28:04 PM org.apache.coyote.AbstractProtocol init
INFOS: Initializing ProtocolHandler ["http-bio-8080"]
avr. 28, 2016 10:28:04 PM org.apache.coyote.AbstractProtocol init
INFOS: Initializing ProtocolHandler ["ajp-bio-8009"]
avr. 28, 2016 10:28:06 PM org.apache.openejb.util.OptionsLog info
INFOS: Using 'openejb.jdbc.datasource-creator=org.apache.tomee.jdbc.TomEEDataSourceCreator'
avr. 28, 2016 10:28:07 PM org.apache.openejb.OpenEJB$Instance <init>
INFOS: ********************************************************************************
avr. 28, 2016 10:28:07 PM org.apache.openejb.OpenEJB$Instance <init>
INFOS: OpenEJB http://openejb.apache.org/
avr. 28, 2016 10:28:07 PM org.apache.openejb.OpenEJB$Instance <init>
INFOS: Startup: Thu Apr 28 22:28:07 CEST 2016
avr. 28, 2016 10:28:07 PM org.apache.openejb.OpenEJB$Instance <init>
INFOS: Copyright 1999-2013 (C) Apache OpenEJB Project, All Rights Reserved.
avr. 28, 2016 10:28:07 PM org.apache.openejb.OpenEJB$Instance <init>
INFOS: Version: 4.7.1
avr. 28, 2016 10:28:07 PM org.apache.openejb.OpenEJB$Instance <init>
INFOS: Build date: 20140912
avr. 28, 2016 10:28:07 PM org.apache.openejb.OpenEJB$Instance <init>
INFOS: Build time: 01:43
avr. 28, 2016 10:28:07 PM org.apache.openejb.OpenEJB$Instance <init>
INFOS: ********************************************************************************
avr. 28, 2016 10:28:07 PM org.apache.openejb.OpenEJB$Instance <init>
INFOS: openejb.home = C:\Users\Quentin\Downloads\car-tp4\car-tp4\apache-tomee
avr. 28, 2016 10:28:07 PM org.apache.openejb.OpenEJB$Instance <init>
INFOS: openejb.base = C:\Users\Quentin\Downloads\car-tp4\car-tp4\apache-tomee
avr. 28, 2016 10:28:07 PM org.apache.openejb.cdi.CdiBuilder initializeOWB
INFOS: Created new singletonService org.apache.openejb.cdi.ThreadSingletonServiceImpl@2473b9ce
avr. 28, 2016 10:28:07 PM org.apache.openejb.cdi.CdiBuilder initializeOWB
INFOS: Succeeded in installing singleton service
avr. 28, 2016 10:28:07 PM org.apache.openejb.config.ConfigurationFactory init
INFOS: openejb configuration file is 'C:\Users\Quentin\Downloads\car-tp4\car-tp4\apache-tomee\conf\tomee.xml'
avr. 28, 2016 10:28:07 PM org.apache.openejb.config.ConfigurationFactory configureService
INFOS: Configuring Service(id=Tomcat Security Service, type=SecurityService, provider-id=Tomcat Security Service)
avr. 28, 2016 10:28:07 PM org.apache.openejb.config.ConfigurationFactory configureService
INFOS: Configuring Service(id=Default Transaction Manager, type=TransactionManager, provider-id=Default Transaction Manager)
avr. 28, 2016 10:28:07 PM org.apache.openejb.util.OptionsLog info
INFOS: Using 'openejb.system.apps=true'
avr. 28, 2016 10:28:07 PM org.apache.openejb.config.ConfigurationFactory configureApplication
INFOS: Configuring enterprise application: openejb
avr. 28, 2016 10:28:08 PM org.apache.openejb.config.InitEjbDeployments deploy
INFOS: Using openejb.deploymentId.format '{ejbName}'
avr. 28, 2016 10:28:08 PM org.apache.openejb.config.InitEjbDeployments deploy
INFOS: Auto-deploying ejb openejb/Deployer: EjbDeployment(deployment-id=openejb/Deployer)
avr. 28, 2016 10:28:08 PM org.apache.openejb.config.InitEjbDeployments deploy
INFOS: Auto-deploying ejb openejb/ConfigurationInfo: EjbDeployment(deployment-id=openejb/ConfigurationInfo)
avr. 28, 2016 10:28:08 PM org.apache.openejb.config.InitEjbDeployments deploy
INFOS: Auto-deploying ejb MEJB: EjbDeployment(deployment-id=MEJB)
avr. 28, 2016 10:28:08 PM org.apache.openejb.config.ConfigurationFactory configureService
INFOS: Configuring Service(id=Default Stateless Container, type=Container, provider-id=Default Stateless Container)
avr. 28, 2016 10:28:08 PM org.apache.openejb.config.AutoConfig createContainer
INFOS: Auto-creating a container for bean openejb/Deployer: Container(type=STATELESS, id=Default Stateless Container)
avr. 28, 2016 10:28:08 PM org.apache.openejb.config.AppInfoBuilder build
INFOS: Enterprise application "openejb" loaded.
avr. 28, 2016 10:28:08 PM org.apache.openejb.assembler.classic.Assembler createRecipe
INFOS: Creating TransactionManager(id=Default Transaction Manager)
avr. 28, 2016 10:28:08 PM org.apache.openejb.assembler.classic.Assembler createRecipe
INFOS: Creating SecurityService(id=Tomcat Security Service)
avr. 28, 2016 10:28:08 PM org.apache.openejb.assembler.classic.Assembler createRecipe
INFOS: Creating Container(id=Default Stateless Container)
avr. 28, 2016 10:28:08 PM org.apache.openejb.assembler.classic.Assembler createApplication
INFOS: Assembling app: openejb
avr. 28, 2016 10:28:09 PM org.apache.openejb.util.OptionsLog info
INFOS: Using 'openejb.jndiname.format={deploymentId}{interfaceType.openejbLegacyName}'
avr. 28, 2016 10:28:09 PM org.apache.openejb.assembler.classic.JndiBuilder bind
INFOS: Jndi(name=openejb/DeployerBusinessRemote) --> Ejb(deployment-id=openejb/Deployer)
avr. 28, 2016 10:28:09 PM org.apache.openejb.assembler.classic.JndiBuilder bind
INFOS: Jndi(name=global/openejb/openejb/Deployer!org.apache.openejb.assembler.Deployer) --> Ejb(deployment-id=openejb/Deployer)
avr. 28, 2016 10:28:09 PM org.apache.openejb.assembler.classic.JndiBuilder bind
INFOS: Jndi(name=global/openejb/openejb/Deployer) --> Ejb(deployment-id=openejb/Deployer)
avr. 28, 2016 10:28:09 PM org.apache.openejb.assembler.classic.JndiBuilder bind
INFOS: Jndi(name=openejb/ConfigurationInfoBusinessRemote) --> Ejb(deployment-id=openejb/ConfigurationInfo)
avr. 28, 2016 10:28:09 PM org.apache.openejb.assembler.classic.JndiBuilder bind
INFOS: Jndi(name=global/openejb/openejb/ConfigurationInfo!org.apache.openejb.assembler.classic.cmd.ConfigurationInfo) --> Ejb(deployment-id=openejb/ConfigurationInfo)
avr. 28, 2016 10:28:09 PM org.apache.openejb.assembler.classic.JndiBuilder bind
INFOS: Jndi(name=global/openejb/openejb/ConfigurationInfo) --> Ejb(deployment-id=openejb/ConfigurationInfo)
avr. 28, 2016 10:28:09 PM org.apache.openejb.assembler.classic.JndiBuilder bind
INFOS: Jndi(name=MEJB) --> Ejb(deployment-id=MEJB)
avr. 28, 2016 10:28:09 PM org.apache.openejb.assembler.classic.JndiBuilder bind
INFOS: Jndi(name=global/openejb/MEJB!javax.management.j2ee.ManagementHome) --> Ejb(deployment-id=MEJB)
avr. 28, 2016 10:28:09 PM org.apache.openejb.assembler.classic.JndiBuilder bind
INFOS: Jndi(name=global/openejb/MEJB) --> Ejb(deployment-id=MEJB)
avr. 28, 2016 10:28:09 PM org.apache.openejb.assembler.classic.Assembler startEjbs
INFOS: Created Ejb(deployment-id=MEJB, ejb-name=MEJB, container=Default Stateless Container)
avr. 28, 2016 10:28:09 PM org.apache.openejb.assembler.classic.Assembler startEjbs
INFOS: Created Ejb(deployment-id=openejb/ConfigurationInfo, ejb-name=openejb/ConfigurationInfo, container=Default Stateless Container)
avr. 28, 2016 10:28:09 PM org.apache.openejb.assembler.classic.Assembler startEjbs
INFOS: Created Ejb(deployment-id=openejb/Deployer, ejb-name=openejb/Deployer, container=Default Stateless Container)
avr. 28, 2016 10:28:09 PM org.apache.openejb.assembler.classic.Assembler startEjbs
INFOS: Started Ejb(deployment-id=MEJB, ejb-name=MEJB, container=Default Stateless Container)
avr. 28, 2016 10:28:09 PM org.apache.openejb.assembler.classic.Assembler startEjbs
INFOS: Started Ejb(deployment-id=openejb/ConfigurationInfo, ejb-name=openejb/ConfigurationInfo, container=Default Stateless Container)
avr. 28, 2016 10:28:09 PM org.apache.openejb.assembler.classic.Assembler startEjbs
INFOS: Started Ejb(deployment-id=openejb/Deployer, ejb-name=openejb/Deployer, container=Default Stateless Container)
avr. 28, 2016 10:28:09 PM org.apache.openejb.assembler.classic.Assembler deployMBean
INFOS: Deployed MBean(openejb.user.mbeans:application=openejb,group=org.apache.openejb.assembler.monitoring,name=JMXDeployer)
avr. 28, 2016 10:28:09 PM org.apache.openejb.assembler.classic.Assembler createApplication
INFOS: Deployed Application(path=openejb)
avr. 28, 2016 10:28:09 PM org.apache.openejb.server.SimpleServiceManager start
INFOS:   ** Bound Services **
avr. 28, 2016 10:28:09 PM org.apache.openejb.server.SimpleServiceManager printRow
INFOS:   NAME                 IP              PORT  
avr. 28, 2016 10:28:09 PM org.apache.openejb.server.SimpleServiceManager start
INFOS: -------
avr. 28, 2016 10:28:09 PM org.apache.openejb.server.SimpleServiceManager start
INFOS: Ready!
avr. 28, 2016 10:28:09 PM org.apache.catalina.startup.Catalina load
INFOS: Initialization processed in 7887 ms
avr. 28, 2016 10:28:09 PM org.apache.tomee.catalina.OpenEJBNamingContextListener bindResource
INFOS: Importing a Tomcat Resource with id 'UserDatabase' of type 'org.apache.catalina.UserDatabase'.
avr. 28, 2016 10:28:09 PM org.apache.openejb.assembler.classic.Assembler createRecipe
INFOS: Creating Resource(id=UserDatabase)
avr. 28, 2016 10:28:09 PM org.apache.catalina.core.StandardService startInternal
INFOS: Démarrage du service Catalina
avr. 28, 2016 10:28:09 PM org.apache.catalina.core.StandardEngine startInternal
INFOS: Starting Servlet Engine: Apache Tomcat (TomEE)/7.0.55 (1.7.1)
avr. 28, 2016 10:28:10 PM org.apache.catalina.startup.HostConfig deployWAR
INFOS: Déploiement de l'archive C:\Users\Quentin\Downloads\car-tp4\car-tp4\apache-tomee\webapps\ROOT.war de l'application web
avr. 28, 2016 10:28:10 PM org.apache.tomee.catalina.TomcatWebAppBuilder init
INFOS: ------------------------- localhost -> /
avr. 28, 2016 10:28:10 PM org.apache.openejb.config.ConfigurationFactory configureApplication
INFOS: Configuring enterprise application: C:\Users\Quentin\Downloads\car-tp4\car-tp4\apache-tomee\webapps\ROOT
avr. 28, 2016 10:28:11 PM org.apache.openejb.config.InitEjbDeployments deploy
INFOS: Auto-deploying ejb GestionLivre: EjbDeployment(deployment-id=GestionLivre)
avr. 28, 2016 10:28:11 PM org.apache.openejb.config.AutoConfig deploy
INFOS: Configuring PersistenceUnit(name=book-pu)
avr. 28, 2016 10:28:11 PM org.apache.openejb.config.ConfigurationFactory configureService
INFOS: Configuring Service(id=Default JDBC Database, type=Resource, provider-id=Default JDBC Database)
avr. 28, 2016 10:28:11 PM org.apache.openejb.config.AutoConfig logAutoCreateResource
INFOS: Auto-creating a Resource with id 'Default JDBC Database' of type 'DataSource for 'book-pu'.
avr. 28, 2016 10:28:11 PM org.apache.openejb.assembler.classic.Assembler createRecipe
INFOS: Creating Resource(id=Default JDBC Database)
avr. 28, 2016 10:28:12 PM org.apache.tomee.jdbc.TomEEDataSourceCreator$TomEEDataSource readOnly
INFOS: Disabling testOnBorrow since no validation query is provided
avr. 28, 2016 10:28:12 PM org.apache.openejb.config.ConfigurationFactory configureService
INFOS: Configuring Service(id=Default Unmanaged JDBC Database, type=Resource, provider-id=Default Unmanaged JDBC Database)
avr. 28, 2016 10:28:12 PM org.apache.openejb.config.AutoConfig logAutoCreateResource
INFOS: Auto-creating a Resource with id 'Default Unmanaged JDBC Database' of type 'DataSource for 'book-pu'.
avr. 28, 2016 10:28:12 PM org.apache.openejb.assembler.classic.Assembler createRecipe
INFOS: Creating Resource(id=Default Unmanaged JDBC Database)
avr. 28, 2016 10:28:12 PM org.apache.tomee.jdbc.TomEEDataSourceCreator$TomEEDataSource readOnly
INFOS: Disabling testOnBorrow since no validation query is provided
avr. 28, 2016 10:28:12 PM org.apache.openejb.config.AutoConfig setJtaDataSource
INFOS: Adjusting PersistenceUnit book-pu <jta-data-source> to Resource ID 'Default JDBC Database' from 'bookDatabase'
avr. 28, 2016 10:28:12 PM org.apache.openejb.config.AutoConfig setNonJtaDataSource
INFOS: Adjusting PersistenceUnit book-pu <non-jta-data-source> to Resource ID 'Default Unmanaged JDBC Database' from 'null'
avr. 28, 2016 10:28:12 PM org.apache.openejb.config.AppInfoBuilder build
INFOS: Enterprise application "C:\Users\Quentin\Downloads\car-tp4\car-tp4\apache-tomee\webapps\ROOT" loaded.
avr. 28, 2016 10:28:12 PM org.apache.openejb.assembler.classic.Assembler createApplication
INFOS: Assembling app: C:\Users\Quentin\Downloads\car-tp4\car-tp4\apache-tomee\webapps\ROOT
avr. 28, 2016 10:28:13 PM null
INFOS: OpenJPA dynamically loaded a validation provider.
avr. 28, 2016 10:28:13 PM org.apache.openejb.assembler.classic.ReloadableEntityManagerFactory createDelegate
INFOS: PersistenceUnit(name=book-pu, provider=org.apache.openjpa.persistence.PersistenceProviderImpl) - provider time 1064ms
avr. 28, 2016 10:28:13 PM org.apache.openejb.assembler.classic.JndiBuilder bind
INFOS: Jndi(name=GestionLivreLocal) --> Ejb(deployment-id=GestionLivre)
avr. 28, 2016 10:28:13 PM org.apache.openejb.assembler.classic.JndiBuilder bind
INFOS: Jndi(name=global//GestionLivre!car.tp4.itf.GestionLivreItf) --> Ejb(deployment-id=GestionLivre)
avr. 28, 2016 10:28:13 PM org.apache.openejb.assembler.classic.JndiBuilder bind
INFOS: Jndi(name=global//GestionLivre) --> Ejb(deployment-id=GestionLivre)
avr. 28, 2016 10:28:13 PM org.apache.openejb.cdi.CdiBuilder initSingleton
INFOS: Existing thread singleton service in SystemInstance(): org.apache.openejb.cdi.ThreadSingletonServiceImpl@2473b9ce
avr. 28, 2016 10:28:13 PM org.apache.openejb.cdi.OpenEJBLifecycle startApplication
INFOS: OpenWebBeans Container is starting...
avr. 28, 2016 10:28:13 PM org.apache.webbeans.plugins.PluginLoader startUp
INFOS: Adding OpenWebBeansPlugin : [CdiPlugin]
avr. 28, 2016 10:28:13 PM org.apache.webbeans.plugins.PluginLoader startUp
INFOS: Adding OpenWebBeansPlugin : [OpenWebBeansJsfPlugin]
avr. 28, 2016 10:28:14 PM org.apache.webbeans.config.BeansDeployer validateInjectionPoints
INFOS: All injection points were validated successfully.
avr. 28, 2016 10:28:14 PM org.apache.openejb.cdi.OpenEJBLifecycle startApplication
INFOS: OpenWebBeans Container has started, it took 271 ms.
avr. 28, 2016 10:28:14 PM org.apache.openejb.assembler.classic.Assembler startEjbs
INFOS: Created Ejb(deployment-id=GestionLivre, ejb-name=GestionLivre, container=Default Stateless Container)
avr. 28, 2016 10:28:14 PM org.apache.openejb.assembler.classic.Assembler startEjbs
INFOS: Started Ejb(deployment-id=GestionLivre, ejb-name=GestionLivre, container=Default Stateless Container)
avr. 28, 2016 10:28:14 PM org.apache.openejb.assembler.classic.Assembler createApplication
INFOS: Deployed Application(path=C:\Users\Quentin\Downloads\car-tp4\car-tp4\apache-tomee\webapps\ROOT)
avr. 28, 2016 10:28:17 PM org.apache.catalina.startup.HostConfig deployWAR
INFOS: Deployment of web application archive C:\Users\Quentin\Downloads\car-tp4\car-tp4\apache-tomee\webapps\ROOT.war has finished in 7 253 ms
avr. 28, 2016 10:28:17 PM org.apache.coyote.AbstractProtocol start
INFOS: Starting ProtocolHandler ["http-bio-8080"]
avr. 28, 2016 10:28:17 PM org.apache.coyote.AbstractProtocol start
INFOS: Starting ProtocolHandler ["ajp-bio-8009"]
avr. 28, 2016 10:28:17 PM org.apache.catalina.startup.Catalina start
INFOS: Server startup in 7503 ms
avr. 28, 2016 10:28:35 PM null
AVERTISSEMENT: The type "car.tp4.entity.Livre" must have a no-args constructor. Adding a public no-args constructor.
avr. 28, 2016 10:28:35 PM null
INFOS: Starting OpenJPA 2.4.0-nonfinal-1598334
avr. 28, 2016 10:28:36 PM org.hsqldb.persist.Logger logInfoEvent
INFOS: checkpointClose start
avr. 28, 2016 10:28:37 PM org.hsqldb.persist.Logger logInfoEvent
INFOS: checkpointClose end
avr. 28, 2016 10:28:37 PM null
INFOS: Using dictionary class "org.apache.openjpa.jdbc.sql.HSQLDictionary" (HSQL Database Engine 2.3.2 ,HSQL Database Engine Driver 2.3.2).
avr. 28, 2016 10:28:37 PM null
INFOS: Connected to HSQL Database Engine version 2.2 using JDBC driver HSQL Database Engine Driver version 2.3.2. 
avr. 28, 2016 10:28:37 PM null
AVERTISSEMENT: The class "car.tp4.Book" listed in the openjpa.MetaDataFactory configuration property could not be loaded by LazyStopWebappClassLoader
  context: 
  delegate: false
  repositories:
    /WEB-INF/classes/
----------> Parent Classloader:
org.apache.catalina.loader.StandardClassLoader@443b7951
; ignoring.
avr. 28, 2016 10:28:37 PM null
INFOS: The class "car.tp4.Book" listed in the openjpa.MetaDataFactory configuration property could not be loaded by LazyStopWebappClassLoader
  context: 
  delegate: false
  repositories:
    /WEB-INF/classes/
----------> Parent Classloader:
org.apache.catalina.loader.StandardClassLoader@443b7951
; ignoring.
avr. 28, 2016 10:28:38 PM null
AVERTISSEMENT: The class "car.tp4.Book" listed in the openjpa.MetaDataFactory configuration property could not be loaded by LazyStopWebappClassLoader
  context: 
  delegate: false
  repositories:
    /WEB-INF/classes/
----------> Parent Classloader:
org.apache.catalina.loader.StandardClassLoader@443b7951
; ignoring.
avr. 28, 2016 10:28:38 PM null
AVERTISSEMENT: The class "car.tp4.Book" listed in the openjpa.MetaDataFactory configuration property could not be loaded by LazyStopWebappClassLoader
  context: 
  delegate: false
  repositories:
    /WEB-INF/classes/
----------> Parent Classloader:
org.apache.catalina.loader.StandardClassLoader@443b7951
; ignoring.
avr. 28, 2016 10:35:27 PM org.apache.catalina.core.StandardContext reload
INFOS: Le rechargement du contexte [] a démarré
avr. 28, 2016 10:35:27 PM org.apache.openejb.assembler.classic.Assembler destroyApplication
INFOS: Undeploying app: C:\Users\Quentin\Downloads\car-tp4\car-tp4\apache-tomee\webapps\ROOT
avr. 28, 2016 10:35:28 PM org.apache.catalina.loader.WebappClassLoader clearReferencesThreads
GRAVE: The web application [] appears to have started a thread named [HSQLDB Timer @7aaf3f45] but has failed to stop it. This is very likely to create a memory leak.
avr. 28, 2016 10:35:28 PM org.apache.openejb.config.ConfigurationFactory configureApplication
INFOS: Configuring enterprise application: C:\Users\Quentin\Downloads\car-tp4\car-tp4\apache-tomee\webapps\ROOT
avr. 28, 2016 10:35:29 PM org.apache.openejb.config.InitEjbDeployments deploy
INFOS: Auto-deploying ejb GestionLivre: EjbDeployment(deployment-id=GestionLivre)
avr. 28, 2016 10:35:29 PM org.apache.openejb.config.AutoConfig deploy
INFOS: Configuring PersistenceUnit(name=book-pu)
avr. 28, 2016 10:35:29 PM org.apache.openejb.config.AutoConfig setJtaDataSource
INFOS: Adjusting PersistenceUnit book-pu <jta-data-source> to Resource ID 'Default JDBC Database' from 'bookDatabase'
avr. 28, 2016 10:35:29 PM org.apache.openejb.config.AutoConfig setNonJtaDataSource
INFOS: Adjusting PersistenceUnit book-pu <non-jta-data-source> to Resource ID 'Default Unmanaged JDBC Database' from 'null'
avr. 28, 2016 10:35:29 PM org.apache.openejb.config.AppInfoBuilder build
INFOS: Enterprise application "C:\Users\Quentin\Downloads\car-tp4\car-tp4\apache-tomee\webapps\ROOT" loaded.
avr. 28, 2016 10:35:29 PM org.apache.openejb.assembler.classic.Assembler createApplication
INFOS: Assembling app: C:\Users\Quentin\Downloads\car-tp4\car-tp4\apache-tomee\webapps\ROOT
avr. 28, 2016 10:35:29 PM null
INFOS: OpenJPA dynamically loaded a validation provider.
avr. 28, 2016 10:35:29 PM org.apache.openejb.assembler.classic.ReloadableEntityManagerFactory createDelegate
INFOS: PersistenceUnit(name=book-pu, provider=org.apache.openjpa.persistence.PersistenceProviderImpl) - provider time 47ms
avr. 28, 2016 10:35:29 PM org.apache.openejb.assembler.classic.JndiBuilder bind
INFOS: Jndi(name=GestionLivreLocal) --> Ejb(deployment-id=GestionLivre)
avr. 28, 2016 10:35:29 PM org.apache.openejb.assembler.classic.JndiBuilder bind
INFOS: Jndi(name=global//GestionLivre!car.tp4.itf.GestionLivreItf) --> Ejb(deployment-id=GestionLivre)
avr. 28, 2016 10:35:29 PM org.apache.openejb.assembler.classic.JndiBuilder bind
INFOS: Jndi(name=global//GestionLivre) --> Ejb(deployment-id=GestionLivre)
avr. 28, 2016 10:35:29 PM org.apache.openejb.cdi.CdiBuilder initSingleton
INFOS: Existing thread singleton service in SystemInstance(): org.apache.openejb.cdi.ThreadSingletonServiceImpl@2473b9ce
avr. 28, 2016 10:35:29 PM org.apache.openejb.cdi.OpenEJBLifecycle startApplication
INFOS: OpenWebBeans Container is starting...
avr. 28, 2016 10:35:29 PM org.apache.webbeans.plugins.PluginLoader startUp
INFOS: Adding OpenWebBeansPlugin : [CdiPlugin]
avr. 28, 2016 10:35:29 PM org.apache.webbeans.plugins.PluginLoader startUp
INFOS: Adding OpenWebBeansPlugin : [OpenWebBeansJsfPlugin]
avr. 28, 2016 10:35:29 PM org.apache.webbeans.config.BeansDeployer validateInjectionPoints
INFOS: All injection points were validated successfully.
avr. 28, 2016 10:35:29 PM org.apache.openejb.cdi.OpenEJBLifecycle startApplication
INFOS: OpenWebBeans Container has started, it took 57 ms.
avr. 28, 2016 10:35:29 PM org.apache.openejb.assembler.classic.Assembler startEjbs
INFOS: Created Ejb(deployment-id=GestionLivre, ejb-name=GestionLivre, container=Default Stateless Container)
avr. 28, 2016 10:35:29 PM org.apache.openejb.assembler.classic.Assembler startEjbs
INFOS: Started Ejb(deployment-id=GestionLivre, ejb-name=GestionLivre, container=Default Stateless Container)
avr. 28, 2016 10:35:29 PM org.apache.openejb.assembler.classic.Assembler createApplication
INFOS: Deployed Application(path=C:\Users\Quentin\Downloads\car-tp4\car-tp4\apache-tomee\webapps\ROOT)
avr. 28, 2016 10:35:29 PM org.apache.catalina.core.StandardContext reload
INFOS: Le rechargement de ce contexte est terminé
avr. 28, 2016 10:35:49 PM org.apache.catalina.core.StandardContext reload
INFOS: Le rechargement du contexte [] a démarré
avr. 28, 2016 10:35:49 PM org.apache.openejb.assembler.classic.Assembler destroyApplication
INFOS: Undeploying app: C:\Users\Quentin\Downloads\car-tp4\car-tp4\apache-tomee\webapps\ROOT
avr. 28, 2016 10:35:50 PM org.apache.openejb.config.ConfigurationFactory configureApplication
INFOS: Configuring enterprise application: C:\Users\Quentin\Downloads\car-tp4\car-tp4\apache-tomee\webapps\ROOT
avr. 28, 2016 10:35:50 PM org.apache.openejb.config.InitEjbDeployments deploy
INFOS: Auto-deploying ejb GestionLivre: EjbDeployment(deployment-id=GestionLivre)
avr. 28, 2016 10:35:50 PM org.apache.openejb.config.AutoConfig deploy
INFOS: Configuring PersistenceUnit(name=book-pu)
avr. 28, 2016 10:35:50 PM org.apache.openejb.config.AutoConfig setJtaDataSource
INFOS: Adjusting PersistenceUnit book-pu <jta-data-source> to Resource ID 'Default JDBC Database' from 'bookDatabase'
avr. 28, 2016 10:35:50 PM org.apache.openejb.config.AutoConfig setNonJtaDataSource
INFOS: Adjusting PersistenceUnit book-pu <non-jta-data-source> to Resource ID 'Default Unmanaged JDBC Database' from 'null'
avr. 28, 2016 10:35:50 PM org.apache.openejb.config.AppInfoBuilder build
INFOS: Enterprise application "C:\Users\Quentin\Downloads\car-tp4\car-tp4\apache-tomee\webapps\ROOT" loaded.
avr. 28, 2016 10:35:50 PM org.apache.openejb.assembler.classic.Assembler createApplication
INFOS: Assembling app: C:\Users\Quentin\Downloads\car-tp4\car-tp4\apache-tomee\webapps\ROOT
avr. 28, 2016 10:35:50 PM null
INFOS: OpenJPA dynamically loaded a validation provider.
avr. 28, 2016 10:35:50 PM org.apache.openejb.assembler.classic.ReloadableEntityManagerFactory createDelegate
INFOS: PersistenceUnit(name=book-pu, provider=org.apache.openjpa.persistence.PersistenceProviderImpl) - provider time 40ms
avr. 28, 2016 10:35:51 PM org.apache.openejb.assembler.classic.JndiBuilder bind
INFOS: Jndi(name=GestionLivreLocal) --> Ejb(deployment-id=GestionLivre)
avr. 28, 2016 10:35:51 PM org.apache.openejb.assembler.classic.JndiBuilder bind
INFOS: Jndi(name=global//GestionLivre!car.tp4.itf.GestionLivreItf) --> Ejb(deployment-id=GestionLivre)
avr. 28, 2016 10:35:51 PM org.apache.openejb.assembler.classic.JndiBuilder bind
INFOS: Jndi(name=global//GestionLivre) --> Ejb(deployment-id=GestionLivre)
avr. 28, 2016 10:35:51 PM org.apache.openejb.cdi.CdiBuilder initSingleton
INFOS: Existing thread singleton service in SystemInstance(): org.apache.openejb.cdi.ThreadSingletonServiceImpl@2473b9ce
avr. 28, 2016 10:35:51 PM org.apache.openejb.cdi.OpenEJBLifecycle startApplication
INFOS: OpenWebBeans Container is starting...
avr. 28, 2016 10:35:51 PM org.apache.webbeans.plugins.PluginLoader startUp
INFOS: Adding OpenWebBeansPlugin : [CdiPlugin]
avr. 28, 2016 10:35:51 PM org.apache.webbeans.plugins.PluginLoader startUp
INFOS: Adding OpenWebBeansPlugin : [OpenWebBeansJsfPlugin]
avr. 28, 2016 10:35:51 PM org.apache.webbeans.config.BeansDeployer validateInjectionPoints
INFOS: All injection points were validated successfully.
avr. 28, 2016 10:35:51 PM org.apache.openejb.cdi.OpenEJBLifecycle startApplication
INFOS: OpenWebBeans Container has started, it took 49 ms.
avr. 28, 2016 10:35:51 PM org.apache.openejb.assembler.classic.Assembler startEjbs
INFOS: Created Ejb(deployment-id=GestionLivre, ejb-name=GestionLivre, container=Default Stateless Container)
avr. 28, 2016 10:35:51 PM org.apache.openejb.assembler.classic.Assembler startEjbs
INFOS: Started Ejb(deployment-id=GestionLivre, ejb-name=GestionLivre, container=Default Stateless Container)
avr. 28, 2016 10:35:51 PM org.apache.openejb.assembler.classic.Assembler createApplication
INFOS: Deployed Application(path=C:\Users\Quentin\Downloads\car-tp4\car-tp4\apache-tomee\webapps\ROOT)
avr. 28, 2016 10:35:51 PM org.apache.catalina.core.StandardContext reload
INFOS: Le rechargement de ce contexte est terminé
avr. 28, 2016 10:36:21 PM org.apache.catalina.core.StandardContext reload
INFOS: Le rechargement du contexte [] a démarré
avr. 28, 2016 10:36:21 PM org.apache.openejb.assembler.classic.Assembler destroyApplication
INFOS: Undeploying app: C:\Users\Quentin\Downloads\car-tp4\car-tp4\apache-tomee\webapps\ROOT
avr. 28, 2016 10:36:22 PM org.apache.openejb.config.ConfigurationFactory configureApplication
INFOS: Configuring enterprise application: C:\Users\Quentin\Downloads\car-tp4\car-tp4\apache-tomee\webapps\ROOT
avr. 28, 2016 10:36:22 PM org.apache.openejb.config.InitEjbDeployments deploy
INFOS: Auto-deploying ejb GestionLivre: EjbDeployment(deployment-id=GestionLivre)
avr. 28, 2016 10:36:22 PM org.apache.openejb.config.AutoConfig deploy
INFOS: Configuring PersistenceUnit(name=book-pu)
avr. 28, 2016 10:36:22 PM org.apache.openejb.config.AutoConfig setJtaDataSource
INFOS: Adjusting PersistenceUnit book-pu <jta-data-source> to Resource ID 'Default JDBC Database' from 'bookDatabase'
avr. 28, 2016 10:36:22 PM org.apache.openejb.config.AutoConfig setNonJtaDataSource
INFOS: Adjusting PersistenceUnit book-pu <non-jta-data-source> to Resource ID 'Default Unmanaged JDBC Database' from 'null'
avr. 28, 2016 10:36:22 PM org.apache.openejb.config.AppInfoBuilder build
INFOS: Enterprise application "C:\Users\Quentin\Downloads\car-tp4\car-tp4\apache-tomee\webapps\ROOT" loaded.
avr. 28, 2016 10:36:22 PM org.apache.openejb.assembler.classic.Assembler createApplication
INFOS: Assembling app: C:\Users\Quentin\Downloads\car-tp4\car-tp4\apache-tomee\webapps\ROOT
avr. 28, 2016 10:36:22 PM null
INFOS: OpenJPA dynamically loaded a validation provider.
avr. 28, 2016 10:36:22 PM org.apache.openejb.assembler.classic.ReloadableEntityManagerFactory createDelegate
INFOS: PersistenceUnit(name=book-pu, provider=org.apache.openjpa.persistence.PersistenceProviderImpl) - provider time 39ms
avr. 28, 2016 10:36:22 PM org.apache.openejb.assembler.classic.JndiBuilder bind
INFOS: Jndi(name=GestionLivreLocal) --> Ejb(deployment-id=GestionLivre)
avr. 28, 2016 10:36:22 PM org.apache.openejb.assembler.classic.JndiBuilder bind
INFOS: Jndi(name=global//GestionLivre!car.tp4.itf.GestionLivreItf) --> Ejb(deployment-id=GestionLivre)
avr. 28, 2016 10:36:22 PM org.apache.openejb.assembler.classic.JndiBuilder bind
INFOS: Jndi(name=global//GestionLivre) --> Ejb(deployment-id=GestionLivre)
avr. 28, 2016 10:36:22 PM org.apache.openejb.cdi.CdiBuilder initSingleton
INFOS: Existing thread singleton service in SystemInstance(): org.apache.openejb.cdi.ThreadSingletonServiceImpl@2473b9ce
avr. 28, 2016 10:36:22 PM org.apache.openejb.cdi.OpenEJBLifecycle startApplication
INFOS: OpenWebBeans Container is starting...
avr. 28, 2016 10:36:22 PM org.apache.webbeans.plugins.PluginLoader startUp
INFOS: Adding OpenWebBeansPlugin : [CdiPlugin]
avr. 28, 2016 10:36:22 PM org.apache.webbeans.plugins.PluginLoader startUp
INFOS: Adding OpenWebBeansPlugin : [OpenWebBeansJsfPlugin]
avr. 28, 2016 10:36:22 PM org.apache.webbeans.config.BeansDeployer validateInjectionPoints
INFOS: All injection points were validated successfully.
avr. 28, 2016 10:36:22 PM org.apache.openejb.cdi.OpenEJBLifecycle startApplication
INFOS: OpenWebBeans Container has started, it took 47 ms.
avr. 28, 2016 10:36:22 PM org.apache.openejb.assembler.classic.Assembler startEjbs
INFOS: Created Ejb(deployment-id=GestionLivre, ejb-name=GestionLivre, container=Default Stateless Container)
avr. 28, 2016 10:36:22 PM org.apache.openejb.assembler.classic.Assembler startEjbs
INFOS: Started Ejb(deployment-id=GestionLivre, ejb-name=GestionLivre, container=Default Stateless Container)
avr. 28, 2016 10:36:22 PM org.apache.openejb.assembler.classic.Assembler createApplication
INFOS: Deployed Application(path=C:\Users\Quentin\Downloads\car-tp4\car-tp4\apache-tomee\webapps\ROOT)
avr. 28, 2016 10:36:22 PM org.apache.catalina.core.StandardContext reload
INFOS: Le rechargement de ce contexte est terminé
avr. 28, 2016 10:38:03 PM org.apache.catalina.core.StandardContext reload
INFOS: Le rechargement du contexte [] a démarré
avr. 28, 2016 10:38:03 PM org.apache.openejb.assembler.classic.Assembler destroyApplication
INFOS: Undeploying app: C:\Users\Quentin\Downloads\car-tp4\car-tp4\apache-tomee\webapps\ROOT
avr. 28, 2016 10:38:03 PM org.apache.openejb.config.ConfigurationFactory configureApplication
INFOS: Configuring enterprise application: C:\Users\Quentin\Downloads\car-tp4\car-tp4\apache-tomee\webapps\ROOT
avr. 28, 2016 10:38:03 PM org.apache.openejb.config.InitEjbDeployments deploy
INFOS: Auto-deploying ejb GestionLivre: EjbDeployment(deployment-id=GestionLivre)
avr. 28, 2016 10:38:03 PM org.apache.openejb.config.AutoConfig deploy
INFOS: Configuring PersistenceUnit(name=book-pu)
avr. 28, 2016 10:38:03 PM org.apache.openejb.config.AutoConfig setJtaDataSource
INFOS: Adjusting PersistenceUnit book-pu <jta-data-source> to Resource ID 'Default JDBC Database' from 'bookDatabase'
avr. 28, 2016 10:38:03 PM org.apache.openejb.config.AutoConfig setNonJtaDataSource
INFOS: Adjusting PersistenceUnit book-pu <non-jta-data-source> to Resource ID 'Default Unmanaged JDBC Database' from 'null'
avr. 28, 2016 10:38:04 PM org.apache.openejb.config.AppInfoBuilder build
INFOS: Enterprise application "C:\Users\Quentin\Downloads\car-tp4\car-tp4\apache-tomee\webapps\ROOT" loaded.
avr. 28, 2016 10:38:04 PM org.apache.openejb.assembler.classic.Assembler createApplication
INFOS: Assembling app: C:\Users\Quentin\Downloads\car-tp4\car-tp4\apache-tomee\webapps\ROOT
avr. 28, 2016 10:38:04 PM null
INFOS: OpenJPA dynamically loaded a validation provider.
avr. 28, 2016 10:38:04 PM org.apache.openejb.assembler.classic.ReloadableEntityManagerFactory createDelegate
INFOS: PersistenceUnit(name=book-pu, provider=org.apache.openjpa.persistence.PersistenceProviderImpl) - provider time 39ms
avr. 28, 2016 10:38:04 PM org.apache.openejb.assembler.classic.JndiBuilder bind
INFOS: Jndi(name=GestionLivreLocal) --> Ejb(deployment-id=GestionLivre)
avr. 28, 2016 10:38:04 PM org.apache.openejb.assembler.classic.JndiBuilder bind
INFOS: Jndi(name=global//GestionLivre!car.tp4.itf.GestionLivreItf) --> Ejb(deployment-id=GestionLivre)
avr. 28, 2016 10:38:04 PM org.apache.openejb.assembler.classic.JndiBuilder bind
INFOS: Jndi(name=global//GestionLivre) --> Ejb(deployment-id=GestionLivre)
avr. 28, 2016 10:38:04 PM org.apache.openejb.cdi.CdiBuilder initSingleton
INFOS: Existing thread singleton service in SystemInstance(): org.apache.openejb.cdi.ThreadSingletonServiceImpl@2473b9ce
avr. 28, 2016 10:38:04 PM org.apache.openejb.cdi.OpenEJBLifecycle startApplication
INFOS: OpenWebBeans Container is starting...
avr. 28, 2016 10:38:04 PM org.apache.webbeans.plugins.PluginLoader startUp
INFOS: Adding OpenWebBeansPlugin : [CdiPlugin]
avr. 28, 2016 10:38:04 PM org.apache.webbeans.plugins.PluginLoader startUp
INFOS: Adding OpenWebBeansPlugin : [OpenWebBeansJsfPlugin]
avr. 28, 2016 10:38:04 PM org.apache.webbeans.config.BeansDeployer validateInjectionPoints
INFOS: All injection points were validated successfully.
avr. 28, 2016 10:38:04 PM org.apache.openejb.cdi.OpenEJBLifecycle startApplication
INFOS: OpenWebBeans Container has started, it took 50 ms.
avr. 28, 2016 10:38:04 PM org.apache.openejb.assembler.classic.Assembler startEjbs
INFOS: Created Ejb(deployment-id=GestionLivre, ejb-name=GestionLivre, container=Default Stateless Container)
avr. 28, 2016 10:38:04 PM org.apache.openejb.assembler.classic.Assembler startEjbs
INFOS: Started Ejb(deployment-id=GestionLivre, ejb-name=GestionLivre, container=Default Stateless Container)
avr. 28, 2016 10:38:04 PM org.apache.openejb.assembler.classic.Assembler createApplication
INFOS: Deployed Application(path=C:\Users\Quentin\Downloads\car-tp4\car-tp4\apache-tomee\webapps\ROOT)
avr. 28, 2016 10:38:04 PM org.apache.catalina.core.StandardContext reload
INFOS: Le rechargement de ce contexte est terminé
avr. 28, 2016 10:59:38 PM org.apache.coyote.AbstractProtocol pause
INFOS: Pausing ProtocolHandler ["http-bio-8080"]
avr. 28, 2016 10:59:38 PM org.apache.coyote.AbstractProtocol pause
INFOS: Pausing ProtocolHandler ["ajp-bio-8009"]
avr. 28, 2016 10:59:38 PM org.apache.catalina.core.StandardService stopInternal
INFOS: Arrêt du service Catalina
avr. 28, 2016 10:59:38 PM org.apache.openejb.assembler.classic.Assembler destroyApplication
INFOS: Undeploying app: C:\Users\Quentin\Downloads\car-tp4\car-tp4\apache-tomee\webapps\ROOT
avr. 28, 2016 10:59:38 PM org.apache.coyote.AbstractProtocol stop
INFOS: Stopping ProtocolHandler ["http-bio-8080"]
avr. 28, 2016 10:59:38 PM org.apache.coyote.AbstractProtocol stop
INFOS: Stopping ProtocolHandler ["ajp-bio-8009"]
avr. 28, 2016 10:59:38 PM org.apache.openejb.server.SimpleServiceManager stop
INFOS: Stopping server services
avr. 28, 2016 10:59:38 PM org.apache.openejb.assembler.classic.Assembler destroyApplication
INFOS: Undeploying app: openejb
avr. 28, 2016 10:59:38 PM org.apache.openejb.assembler.classic.Assembler destroyResource
INFOS: Closing DataSource: Default JDBC Database
avr. 28, 2016 10:59:39 PM org.apache.openejb.assembler.classic.Assembler destroyResource
INFOS: Closing DataSource: Default Unmanaged JDBC Database
avr. 28, 2016 10:59:39 PM org.apache.coyote.AbstractProtocol destroy
INFOS: Destroying ProtocolHandler ["http-bio-8080"]
avr. 28, 2016 10:59:39 PM org.apache.coyote.AbstractProtocol destroy
INFOS: Destroying ProtocolHandler ["ajp-bio-8009"]
